{"/Users/brandonhannan/Documents/University Work/Year 3/Trimester 2/Software Frameworks/Assignment/SoftwareFrameworksAssignment/text-chat/server/integrationTest/test.js":{"path":"/Users/brandonhannan/Documents/University Work/Year 3/Trimester 2/Software Frameworks/Assignment/SoftwareFrameworksAssignment/text-chat/server/integrationTest/test.js","statementMap":{"0":{"start":{"line":1,"column":13},"end":{"line":1,"column":28}},"1":{"start":{"line":2,"column":17},"end":{"line":2,"column":37}},"2":{"start":{"line":3,"column":15},"end":{"line":3,"column":35}},"3":{"start":{"line":4,"column":18},"end":{"line":4,"column":40}},"4":{"start":{"line":5,"column":15},"end":{"line":5,"column":26}},"5":{"start":{"line":7,"column":0},"end":{"line":7,"column":19}},"6":{"start":{"line":9,"column":0},"end":{"line":91,"column":3}},"7":{"start":{"line":12,"column":4},"end":{"line":17,"column":7}},"8":{"start":{"line":13,"column":8},"end":{"line":13,"column":31}},"9":{"start":{"line":14,"column":8},"end":{"line":14,"column":49}},"10":{"start":{"line":15,"column":25},"end":{"line":15,"column":57}},"11":{"start":{"line":16,"column":8},"end":{"line":16,"column":54}},"12":{"start":{"line":19,"column":4},"end":{"line":24,"column":6}},"13":{"start":{"line":20,"column":8},"end":{"line":20,"column":31}},"14":{"start":{"line":21,"column":8},"end":{"line":21,"column":49}},"15":{"start":{"line":22,"column":25},"end":{"line":22,"column":57}},"16":{"start":{"line":23,"column":8},"end":{"line":23,"column":54}},"17":{"start":{"line":26,"column":4},"end":{"line":50,"column":7}},"18":{"start":{"line":27,"column":8},"end":{"line":37,"column":11}},"19":{"start":{"line":28,"column":12},"end":{"line":36,"column":19}},"20":{"start":{"line":32,"column":20},"end":{"line":32,"column":52}},"21":{"start":{"line":33,"column":20},"end":{"line":33,"column":54}},"22":{"start":{"line":34,"column":20},"end":{"line":34,"column":80}},"23":{"start":{"line":35,"column":20},"end":{"line":35,"column":27}},"24":{"start":{"line":39,"column":8},"end":{"line":49,"column":11}},"25":{"start":{"line":40,"column":12},"end":{"line":48,"column":19}},"26":{"start":{"line":44,"column":20},"end":{"line":44,"column":52}},"27":{"start":{"line":45,"column":20},"end":{"line":45,"column":55}},"28":{"start":{"line":46,"column":20},"end":{"line":46,"column":81}},"29":{"start":{"line":47,"column":20},"end":{"line":47,"column":27}},"30":{"start":{"line":52,"column":4},"end":{"line":76,"column":7}},"31":{"start":{"line":53,"column":8},"end":{"line":63,"column":11}},"32":{"start":{"line":54,"column":12},"end":{"line":62,"column":19}},"33":{"start":{"line":58,"column":20},"end":{"line":58,"column":52}},"34":{"start":{"line":59,"column":20},"end":{"line":59,"column":54}},"35":{"start":{"line":60,"column":20},"end":{"line":60,"column":71}},"36":{"start":{"line":61,"column":20},"end":{"line":61,"column":27}},"37":{"start":{"line":65,"column":8},"end":{"line":75,"column":11}},"38":{"start":{"line":66,"column":12},"end":{"line":74,"column":19}},"39":{"start":{"line":70,"column":20},"end":{"line":70,"column":52}},"40":{"start":{"line":71,"column":20},"end":{"line":71,"column":55}},"41":{"start":{"line":72,"column":20},"end":{"line":72,"column":79}},"42":{"start":{"line":73,"column":20},"end":{"line":73,"column":27}},"43":{"start":{"line":78,"column":4},"end":{"line":90,"column":7}},"44":{"start":{"line":79,"column":8},"end":{"line":89,"column":11}},"45":{"start":{"line":81,"column":35},"end":{"line":81,"column":36}},"46":{"start":{"line":82,"column":12},"end":{"line":88,"column":19}},"47":{"start":{"line":85,"column":20},"end":{"line":85,"column":52}},"48":{"start":{"line":86,"column":20},"end":{"line":86,"column":54}},"49":{"start":{"line":87,"column":20},"end":{"line":87,"column":27}},"50":{"start":{"line":93,"column":0},"end":{"line":279,"column":3}},"51":{"start":{"line":96,"column":4},"end":{"line":101,"column":7}},"52":{"start":{"line":97,"column":8},"end":{"line":97,"column":31}},"53":{"start":{"line":98,"column":8},"end":{"line":98,"column":49}},"54":{"start":{"line":99,"column":25},"end":{"line":99,"column":57}},"55":{"start":{"line":100,"column":8},"end":{"line":100,"column":54}},"56":{"start":{"line":103,"column":4},"end":{"line":108,"column":6}},"57":{"start":{"line":104,"column":8},"end":{"line":104,"column":31}},"58":{"start":{"line":105,"column":8},"end":{"line":105,"column":49}},"59":{"start":{"line":106,"column":25},"end":{"line":106,"column":57}},"60":{"start":{"line":107,"column":8},"end":{"line":107,"column":54}},"61":{"start":{"line":110,"column":4},"end":{"line":121,"column":7}},"62":{"start":{"line":111,"column":8},"end":{"line":120,"column":11}},"63":{"start":{"line":112,"column":12},"end":{"line":119,"column":19}},"64":{"start":{"line":115,"column":20},"end":{"line":115,"column":52}},"65":{"start":{"line":116,"column":20},"end":{"line":116,"column":55}},"66":{"start":{"line":117,"column":20},"end":{"line":117,"column":59}},"67":{"start":{"line":118,"column":20},"end":{"line":118,"column":27}},"68":{"start":{"line":123,"column":4},"end":{"line":134,"column":7}},"69":{"start":{"line":124,"column":8},"end":{"line":133,"column":11}},"70":{"start":{"line":125,"column":12},"end":{"line":132,"column":19}},"71":{"start":{"line":128,"column":20},"end":{"line":128,"column":52}},"72":{"start":{"line":129,"column":20},"end":{"line":129,"column":54}},"73":{"start":{"line":130,"column":20},"end":{"line":130,"column":80}},"74":{"start":{"line":131,"column":20},"end":{"line":131,"column":27}},"75":{"start":{"line":136,"column":4},"end":{"line":162,"column":7}},"76":{"start":{"line":137,"column":8},"end":{"line":161,"column":11}},"77":{"start":{"line":138,"column":27},"end":{"line":152,"column":13}},"78":{"start":{"line":153,"column":12},"end":{"line":160,"column":19}},"79":{"start":{"line":157,"column":20},"end":{"line":157,"column":52}},"80":{"start":{"line":158,"column":20},"end":{"line":158,"column":54}},"81":{"start":{"line":159,"column":20},"end":{"line":159,"column":27}},"82":{"start":{"line":164,"column":4},"end":{"line":175,"column":7}},"83":{"start":{"line":165,"column":8},"end":{"line":174,"column":11}},"84":{"start":{"line":166,"column":12},"end":{"line":173,"column":19}},"85":{"start":{"line":170,"column":20},"end":{"line":170,"column":52}},"86":{"start":{"line":171,"column":20},"end":{"line":171,"column":54}},"87":{"start":{"line":172,"column":20},"end":{"line":172,"column":27}},"88":{"start":{"line":177,"column":4},"end":{"line":203,"column":7}},"89":{"start":{"line":178,"column":8},"end":{"line":202,"column":11}},"90":{"start":{"line":179,"column":27},"end":{"line":193,"column":13}},"91":{"start":{"line":194,"column":12},"end":{"line":201,"column":19}},"92":{"start":{"line":198,"column":20},"end":{"line":198,"column":52}},"93":{"start":{"line":199,"column":20},"end":{"line":199,"column":54}},"94":{"start":{"line":200,"column":20},"end":{"line":200,"column":27}},"95":{"start":{"line":205,"column":4},"end":{"line":216,"column":7}},"96":{"start":{"line":206,"column":8},"end":{"line":215,"column":11}},"97":{"start":{"line":207,"column":12},"end":{"line":214,"column":19}},"98":{"start":{"line":211,"column":20},"end":{"line":211,"column":52}},"99":{"start":{"line":212,"column":20},"end":{"line":212,"column":54}},"100":{"start":{"line":213,"column":20},"end":{"line":213,"column":27}},"101":{"start":{"line":218,"column":4},"end":{"line":229,"column":7}},"102":{"start":{"line":219,"column":8},"end":{"line":228,"column":11}},"103":{"start":{"line":220,"column":12},"end":{"line":227,"column":19}},"104":{"start":{"line":224,"column":20},"end":{"line":224,"column":52}},"105":{"start":{"line":225,"column":20},"end":{"line":225,"column":54}},"106":{"start":{"line":226,"column":20},"end":{"line":226,"column":27}},"107":{"start":{"line":231,"column":4},"end":{"line":265,"column":7}},"108":{"start":{"line":232,"column":8},"end":{"line":264,"column":11}},"109":{"start":{"line":233,"column":30},"end":{"line":247,"column":13}},"110":{"start":{"line":248,"column":12},"end":{"line":263,"column":19}},"111":{"start":{"line":252,"column":20},"end":{"line":252,"column":52}},"112":{"start":{"line":253,"column":20},"end":{"line":253,"column":54}},"113":{"start":{"line":255,"column":20},"end":{"line":262,"column":27}},"114":{"start":{"line":259,"column":28},"end":{"line":259,"column":60}},"115":{"start":{"line":260,"column":28},"end":{"line":260,"column":62}},"116":{"start":{"line":261,"column":28},"end":{"line":261,"column":35}},"117":{"start":{"line":267,"column":4},"end":{"line":278,"column":7}},"118":{"start":{"line":268,"column":8},"end":{"line":277,"column":11}},"119":{"start":{"line":269,"column":12},"end":{"line":276,"column":19}},"120":{"start":{"line":273,"column":20},"end":{"line":273,"column":52}},"121":{"start":{"line":274,"column":20},"end":{"line":274,"column":54}},"122":{"start":{"line":275,"column":20},"end":{"line":275,"column":27}},"123":{"start":{"line":281,"column":0},"end":{"line":457,"column":3}},"124":{"start":{"line":284,"column":4},"end":{"line":289,"column":7}},"125":{"start":{"line":285,"column":8},"end":{"line":285,"column":31}},"126":{"start":{"line":286,"column":8},"end":{"line":286,"column":49}},"127":{"start":{"line":287,"column":25},"end":{"line":287,"column":57}},"128":{"start":{"line":288,"column":8},"end":{"line":288,"column":54}},"129":{"start":{"line":291,"column":4},"end":{"line":296,"column":6}},"130":{"start":{"line":292,"column":8},"end":{"line":292,"column":31}},"131":{"start":{"line":293,"column":8},"end":{"line":293,"column":49}},"132":{"start":{"line":294,"column":25},"end":{"line":294,"column":57}},"133":{"start":{"line":295,"column":8},"end":{"line":295,"column":54}},"134":{"start":{"line":298,"column":4},"end":{"line":310,"column":7}},"135":{"start":{"line":299,"column":8},"end":{"line":309,"column":11}},"136":{"start":{"line":300,"column":12},"end":{"line":308,"column":19}},"137":{"start":{"line":303,"column":20},"end":{"line":303,"column":52}},"138":{"start":{"line":304,"column":20},"end":{"line":304,"column":54}},"139":{"start":{"line":305,"column":20},"end":{"line":305,"column":62}},"140":{"start":{"line":306,"column":20},"end":{"line":306,"column":66}},"141":{"start":{"line":307,"column":20},"end":{"line":307,"column":27}},"142":{"start":{"line":312,"column":4},"end":{"line":329,"column":7}},"143":{"start":{"line":313,"column":8},"end":{"line":328,"column":11}},"144":{"start":{"line":314,"column":29},"end":{"line":318,"column":13}},"145":{"start":{"line":319,"column":12},"end":{"line":327,"column":19}},"146":{"start":{"line":323,"column":20},"end":{"line":323,"column":52}},"147":{"start":{"line":324,"column":20},"end":{"line":324,"column":54}},"148":{"start":{"line":325,"column":20},"end":{"line":325,"column":71}},"149":{"start":{"line":326,"column":20},"end":{"line":326,"column":27}},"150":{"start":{"line":331,"column":4},"end":{"line":357,"column":7}},"151":{"start":{"line":332,"column":8},"end":{"line":356,"column":11}},"152":{"start":{"line":333,"column":30},"end":{"line":347,"column":13}},"153":{"start":{"line":348,"column":12},"end":{"line":355,"column":19}},"154":{"start":{"line":352,"column":20},"end":{"line":352,"column":52}},"155":{"start":{"line":353,"column":20},"end":{"line":353,"column":54}},"156":{"start":{"line":354,"column":20},"end":{"line":354,"column":27}},"157":{"start":{"line":359,"column":4},"end":{"line":371,"column":7}},"158":{"start":{"line":360,"column":8},"end":{"line":370,"column":11}},"159":{"start":{"line":361,"column":12},"end":{"line":369,"column":19}},"160":{"start":{"line":364,"column":20},"end":{"line":364,"column":52}},"161":{"start":{"line":365,"column":20},"end":{"line":365,"column":54}},"162":{"start":{"line":366,"column":20},"end":{"line":366,"column":69}},"163":{"start":{"line":367,"column":20},"end":{"line":367,"column":74}},"164":{"start":{"line":368,"column":20},"end":{"line":368,"column":27}},"165":{"start":{"line":373,"column":4},"end":{"line":389,"column":7}},"166":{"start":{"line":374,"column":8},"end":{"line":388,"column":11}},"167":{"start":{"line":375,"column":36},"end":{"line":379,"column":13}},"168":{"start":{"line":380,"column":12},"end":{"line":387,"column":19}},"169":{"start":{"line":384,"column":20},"end":{"line":384,"column":52}},"170":{"start":{"line":385,"column":20},"end":{"line":385,"column":54}},"171":{"start":{"line":386,"column":20},"end":{"line":386,"column":27}},"172":{"start":{"line":391,"column":4},"end":{"line":401,"column":7}},"173":{"start":{"line":392,"column":8},"end":{"line":400,"column":11}},"174":{"start":{"line":393,"column":12},"end":{"line":399,"column":19}},"175":{"start":{"line":396,"column":20},"end":{"line":396,"column":52}},"176":{"start":{"line":397,"column":20},"end":{"line":397,"column":54}},"177":{"start":{"line":398,"column":20},"end":{"line":398,"column":27}},"178":{"start":{"line":403,"column":4},"end":{"line":417,"column":7}},"179":{"start":{"line":404,"column":8},"end":{"line":416,"column":11}},"180":{"start":{"line":405,"column":33},"end":{"line":407,"column":13}},"181":{"start":{"line":408,"column":12},"end":{"line":415,"column":19}},"182":{"start":{"line":412,"column":20},"end":{"line":412,"column":52}},"183":{"start":{"line":413,"column":20},"end":{"line":413,"column":54}},"184":{"start":{"line":414,"column":20},"end":{"line":414,"column":27}},"185":{"start":{"line":420,"column":4},"end":{"line":456,"column":7}},"186":{"start":{"line":421,"column":8},"end":{"line":455,"column":11}},"187":{"start":{"line":423,"column":12},"end":{"line":454,"column":19}},"188":{"start":{"line":427,"column":20},"end":{"line":427,"column":54}},"189":{"start":{"line":430,"column":20},"end":{"line":453,"column":27}},"190":{"start":{"line":434,"column":28},"end":{"line":434,"column":62}},"191":{"start":{"line":435,"column":41},"end":{"line":435,"column":54}},"192":{"start":{"line":438,"column":28},"end":{"line":452,"column":35}},"193":{"start":{"line":442,"column":36},"end":{"line":442,"column":70}},"194":{"start":{"line":445,"column":36},"end":{"line":451,"column":43}},"195":{"start":{"line":449,"column":44},"end":{"line":449,"column":78}},"196":{"start":{"line":450,"column":44},"end":{"line":450,"column":51}},"197":{"start":{"line":460,"column":0},"end":{"line":576,"column":3}},"198":{"start":{"line":463,"column":4},"end":{"line":468,"column":7}},"199":{"start":{"line":464,"column":8},"end":{"line":464,"column":31}},"200":{"start":{"line":465,"column":8},"end":{"line":465,"column":49}},"201":{"start":{"line":466,"column":25},"end":{"line":466,"column":57}},"202":{"start":{"line":467,"column":8},"end":{"line":467,"column":54}},"203":{"start":{"line":470,"column":4},"end":{"line":475,"column":6}},"204":{"start":{"line":471,"column":8},"end":{"line":471,"column":31}},"205":{"start":{"line":472,"column":8},"end":{"line":472,"column":49}},"206":{"start":{"line":473,"column":25},"end":{"line":473,"column":57}},"207":{"start":{"line":474,"column":8},"end":{"line":474,"column":54}},"208":{"start":{"line":477,"column":4},"end":{"line":492,"column":7}},"209":{"start":{"line":478,"column":8},"end":{"line":491,"column":11}},"210":{"start":{"line":479,"column":31},"end":{"line":482,"column":13}},"211":{"start":{"line":483,"column":12},"end":{"line":490,"column":19}},"212":{"start":{"line":487,"column":20},"end":{"line":487,"column":52}},"213":{"start":{"line":488,"column":20},"end":{"line":488,"column":54}},"214":{"start":{"line":489,"column":20},"end":{"line":489,"column":27}},"215":{"start":{"line":494,"column":4},"end":{"line":518,"column":7}},"216":{"start":{"line":495,"column":8},"end":{"line":517,"column":11}},"217":{"start":{"line":496,"column":32},"end":{"line":508,"column":13}},"218":{"start":{"line":509,"column":12},"end":{"line":516,"column":19}},"219":{"start":{"line":513,"column":20},"end":{"line":513,"column":52}},"220":{"start":{"line":514,"column":20},"end":{"line":514,"column":54}},"221":{"start":{"line":515,"column":20},"end":{"line":515,"column":27}},"222":{"start":{"line":520,"column":4},"end":{"line":558,"column":7}},"223":{"start":{"line":521,"column":8},"end":{"line":557,"column":11}},"224":{"start":{"line":522,"column":32},"end":{"line":534,"column":13}},"225":{"start":{"line":535,"column":12},"end":{"line":556,"column":19}},"226":{"start":{"line":539,"column":20},"end":{"line":539,"column":52}},"227":{"start":{"line":540,"column":20},"end":{"line":540,"column":54}},"228":{"start":{"line":542,"column":40},"end":{"line":547,"column":21}},"229":{"start":{"line":548,"column":20},"end":{"line":555,"column":27}},"230":{"start":{"line":552,"column":28},"end":{"line":552,"column":60}},"231":{"start":{"line":553,"column":28},"end":{"line":553,"column":62}},"232":{"start":{"line":554,"column":28},"end":{"line":554,"column":35}},"233":{"start":{"line":560,"column":4},"end":{"line":575,"column":7}},"234":{"start":{"line":561,"column":8},"end":{"line":574,"column":11}},"235":{"start":{"line":562,"column":28},"end":{"line":565,"column":13}},"236":{"start":{"line":566,"column":12},"end":{"line":573,"column":19}},"237":{"start":{"line":570,"column":20},"end":{"line":570,"column":52}},"238":{"start":{"line":571,"column":20},"end":{"line":571,"column":54}},"239":{"start":{"line":572,"column":20},"end":{"line":572,"column":27}}},"fnMap":{"0":{"name":"(anonymous_0)","decl":{"start":{"line":9,"column":21},"end":{"line":9,"column":22}},"loc":{"start":{"line":9,"column":27},"end":{"line":91,"column":1}},"line":9},"1":{"name":"(anonymous_1)","decl":{"start":{"line":12,"column":15},"end":{"line":12,"column":16}},"loc":{"start":{"line":12,"column":27},"end":{"line":17,"column":5}},"line":12},"2":{"name":"(anonymous_2)","decl":{"start":{"line":19,"column":10},"end":{"line":19,"column":11}},"loc":{"start":{"line":19,"column":22},"end":{"line":24,"column":5}},"line":19},"3":{"name":"(anonymous_3)","decl":{"start":{"line":26,"column":32},"end":{"line":26,"column":33}},"loc":{"start":{"line":26,"column":38},"end":{"line":50,"column":5}},"line":26},"4":{"name":"(anonymous_4)","decl":{"start":{"line":27,"column":62},"end":{"line":27,"column":63}},"loc":{"start":{"line":27,"column":72},"end":{"line":37,"column":9}},"line":27},"5":{"name":"(anonymous_5)","decl":{"start":{"line":31,"column":21},"end":{"line":31,"column":22}},"loc":{"start":{"line":31,"column":35},"end":{"line":36,"column":17}},"line":31},"6":{"name":"(anonymous_6)","decl":{"start":{"line":39,"column":61},"end":{"line":39,"column":62}},"loc":{"start":{"line":39,"column":71},"end":{"line":49,"column":9}},"line":39},"7":{"name":"(anonymous_7)","decl":{"start":{"line":43,"column":21},"end":{"line":43,"column":22}},"loc":{"start":{"line":43,"column":35},"end":{"line":48,"column":17}},"line":43},"8":{"name":"(anonymous_8)","decl":{"start":{"line":52,"column":35},"end":{"line":52,"column":36}},"loc":{"start":{"line":52,"column":41},"end":{"line":76,"column":5}},"line":52},"9":{"name":"(anonymous_9)","decl":{"start":{"line":53,"column":44},"end":{"line":53,"column":45}},"loc":{"start":{"line":53,"column":54},"end":{"line":63,"column":9}},"line":53},"10":{"name":"(anonymous_10)","decl":{"start":{"line":57,"column":21},"end":{"line":57,"column":22}},"loc":{"start":{"line":57,"column":35},"end":{"line":62,"column":17}},"line":57},"11":{"name":"(anonymous_11)","decl":{"start":{"line":65,"column":70},"end":{"line":65,"column":71}},"loc":{"start":{"line":65,"column":80},"end":{"line":75,"column":9}},"line":65},"12":{"name":"(anonymous_12)","decl":{"start":{"line":69,"column":21},"end":{"line":69,"column":22}},"loc":{"start":{"line":69,"column":35},"end":{"line":74,"column":17}},"line":69},"13":{"name":"(anonymous_13)","decl":{"start":{"line":78,"column":42},"end":{"line":78,"column":43}},"loc":{"start":{"line":78,"column":48},"end":{"line":90,"column":5}},"line":78},"14":{"name":"(anonymous_14)","decl":{"start":{"line":79,"column":42},"end":{"line":79,"column":43}},"loc":{"start":{"line":79,"column":52},"end":{"line":89,"column":9}},"line":79},"15":{"name":"(anonymous_15)","decl":{"start":{"line":84,"column":21},"end":{"line":84,"column":22}},"loc":{"start":{"line":84,"column":35},"end":{"line":88,"column":17}},"line":84},"16":{"name":"(anonymous_16)","decl":{"start":{"line":93,"column":22},"end":{"line":93,"column":23}},"loc":{"start":{"line":93,"column":28},"end":{"line":279,"column":1}},"line":93},"17":{"name":"(anonymous_17)","decl":{"start":{"line":96,"column":15},"end":{"line":96,"column":16}},"loc":{"start":{"line":96,"column":27},"end":{"line":101,"column":5}},"line":96},"18":{"name":"(anonymous_18)","decl":{"start":{"line":103,"column":10},"end":{"line":103,"column":11}},"loc":{"start":{"line":103,"column":22},"end":{"line":108,"column":5}},"line":103},"19":{"name":"(anonymous_19)","decl":{"start":{"line":110,"column":37},"end":{"line":110,"column":38}},"loc":{"start":{"line":110,"column":43},"end":{"line":121,"column":5}},"line":110},"20":{"name":"(anonymous_20)","decl":{"start":{"line":111,"column":38},"end":{"line":111,"column":39}},"loc":{"start":{"line":111,"column":48},"end":{"line":120,"column":9}},"line":111},"21":{"name":"(anonymous_21)","decl":{"start":{"line":114,"column":21},"end":{"line":114,"column":22}},"loc":{"start":{"line":114,"column":35},"end":{"line":119,"column":17}},"line":114},"22":{"name":"(anonymous_22)","decl":{"start":{"line":123,"column":38},"end":{"line":123,"column":39}},"loc":{"start":{"line":123,"column":44},"end":{"line":134,"column":5}},"line":123},"23":{"name":"(anonymous_23)","decl":{"start":{"line":124,"column":50},"end":{"line":124,"column":51}},"loc":{"start":{"line":124,"column":60},"end":{"line":133,"column":9}},"line":124},"24":{"name":"(anonymous_24)","decl":{"start":{"line":127,"column":21},"end":{"line":127,"column":22}},"loc":{"start":{"line":127,"column":35},"end":{"line":132,"column":17}},"line":127},"25":{"name":"(anonymous_25)","decl":{"start":{"line":136,"column":50},"end":{"line":136,"column":51}},"loc":{"start":{"line":136,"column":56},"end":{"line":162,"column":5}},"line":136},"26":{"name":"(anonymous_26)","decl":{"start":{"line":137,"column":54},"end":{"line":137,"column":55}},"loc":{"start":{"line":137,"column":64},"end":{"line":161,"column":9}},"line":137},"27":{"name":"(anonymous_27)","decl":{"start":{"line":156,"column":21},"end":{"line":156,"column":22}},"loc":{"start":{"line":156,"column":35},"end":{"line":160,"column":17}},"line":156},"28":{"name":"(anonymous_28)","decl":{"start":{"line":164,"column":44},"end":{"line":164,"column":45}},"loc":{"start":{"line":164,"column":50},"end":{"line":175,"column":5}},"line":164},"29":{"name":"(anonymous_29)","decl":{"start":{"line":165,"column":47},"end":{"line":165,"column":48}},"loc":{"start":{"line":165,"column":57},"end":{"line":174,"column":9}},"line":165},"30":{"name":"(anonymous_30)","decl":{"start":{"line":169,"column":21},"end":{"line":169,"column":22}},"loc":{"start":{"line":169,"column":35},"end":{"line":173,"column":17}},"line":169},"31":{"name":"(anonymous_31)","decl":{"start":{"line":177,"column":45},"end":{"line":177,"column":46}},"loc":{"start":{"line":177,"column":51},"end":{"line":203,"column":5}},"line":177},"32":{"name":"(anonymous_32)","decl":{"start":{"line":178,"column":48},"end":{"line":178,"column":49}},"loc":{"start":{"line":178,"column":58},"end":{"line":202,"column":9}},"line":178},"33":{"name":"(anonymous_33)","decl":{"start":{"line":197,"column":21},"end":{"line":197,"column":22}},"loc":{"start":{"line":197,"column":35},"end":{"line":201,"column":17}},"line":197},"34":{"name":"(anonymous_34)","decl":{"start":{"line":205,"column":47},"end":{"line":205,"column":48}},"loc":{"start":{"line":205,"column":53},"end":{"line":216,"column":5}},"line":205},"35":{"name":"(anonymous_35)","decl":{"start":{"line":206,"column":50},"end":{"line":206,"column":51}},"loc":{"start":{"line":206,"column":60},"end":{"line":215,"column":9}},"line":206},"36":{"name":"(anonymous_36)","decl":{"start":{"line":210,"column":21},"end":{"line":210,"column":22}},"loc":{"start":{"line":210,"column":35},"end":{"line":214,"column":17}},"line":210},"37":{"name":"(anonymous_37)","decl":{"start":{"line":218,"column":53},"end":{"line":218,"column":54}},"loc":{"start":{"line":218,"column":59},"end":{"line":229,"column":5}},"line":218},"38":{"name":"(anonymous_38)","decl":{"start":{"line":219,"column":57},"end":{"line":219,"column":58}},"loc":{"start":{"line":219,"column":67},"end":{"line":228,"column":9}},"line":219},"39":{"name":"(anonymous_39)","decl":{"start":{"line":223,"column":21},"end":{"line":223,"column":22}},"loc":{"start":{"line":223,"column":35},"end":{"line":227,"column":17}},"line":223},"40":{"name":"(anonymous_40)","decl":{"start":{"line":231,"column":38},"end":{"line":231,"column":39}},"loc":{"start":{"line":231,"column":44},"end":{"line":265,"column":5}},"line":231},"41":{"name":"(anonymous_41)","decl":{"start":{"line":232,"column":46},"end":{"line":232,"column":47}},"loc":{"start":{"line":232,"column":56},"end":{"line":264,"column":9}},"line":232},"42":{"name":"(anonymous_42)","decl":{"start":{"line":251,"column":21},"end":{"line":251,"column":22}},"loc":{"start":{"line":251,"column":35},"end":{"line":263,"column":17}},"line":251},"43":{"name":"(anonymous_43)","decl":{"start":{"line":258,"column":29},"end":{"line":258,"column":30}},"loc":{"start":{"line":258,"column":43},"end":{"line":262,"column":25}},"line":258},"44":{"name":"(anonymous_44)","decl":{"start":{"line":267,"column":47},"end":{"line":267,"column":48}},"loc":{"start":{"line":267,"column":53},"end":{"line":278,"column":5}},"line":267},"45":{"name":"(anonymous_45)","decl":{"start":{"line":268,"column":50},"end":{"line":268,"column":51}},"loc":{"start":{"line":268,"column":60},"end":{"line":277,"column":9}},"line":268},"46":{"name":"(anonymous_46)","decl":{"start":{"line":272,"column":21},"end":{"line":272,"column":22}},"loc":{"start":{"line":272,"column":35},"end":{"line":276,"column":17}},"line":272},"47":{"name":"(anonymous_47)","decl":{"start":{"line":281,"column":23},"end":{"line":281,"column":24}},"loc":{"start":{"line":281,"column":29},"end":{"line":457,"column":1}},"line":281},"48":{"name":"(anonymous_48)","decl":{"start":{"line":284,"column":15},"end":{"line":284,"column":16}},"loc":{"start":{"line":284,"column":27},"end":{"line":289,"column":5}},"line":284},"49":{"name":"(anonymous_49)","decl":{"start":{"line":291,"column":10},"end":{"line":291,"column":11}},"loc":{"start":{"line":291,"column":22},"end":{"line":296,"column":5}},"line":291},"50":{"name":"(anonymous_50)","decl":{"start":{"line":298,"column":39},"end":{"line":298,"column":40}},"loc":{"start":{"line":298,"column":45},"end":{"line":310,"column":5}},"line":298},"51":{"name":"(anonymous_51)","decl":{"start":{"line":299,"column":39},"end":{"line":299,"column":40}},"loc":{"start":{"line":299,"column":49},"end":{"line":309,"column":9}},"line":299},"52":{"name":"(anonymous_52)","decl":{"start":{"line":302,"column":21},"end":{"line":302,"column":22}},"loc":{"start":{"line":302,"column":35},"end":{"line":308,"column":17}},"line":302},"53":{"name":"(anonymous_53)","decl":{"start":{"line":312,"column":38},"end":{"line":312,"column":39}},"loc":{"start":{"line":312,"column":44},"end":{"line":329,"column":5}},"line":312},"54":{"name":"(anonymous_54)","decl":{"start":{"line":313,"column":43},"end":{"line":313,"column":44}},"loc":{"start":{"line":313,"column":53},"end":{"line":328,"column":9}},"line":313},"55":{"name":"(anonymous_55)","decl":{"start":{"line":322,"column":21},"end":{"line":322,"column":22}},"loc":{"start":{"line":322,"column":35},"end":{"line":327,"column":17}},"line":322},"56":{"name":"(anonymous_56)","decl":{"start":{"line":331,"column":44},"end":{"line":331,"column":45}},"loc":{"start":{"line":331,"column":50},"end":{"line":357,"column":5}},"line":331},"57":{"name":"(anonymous_57)","decl":{"start":{"line":332,"column":46},"end":{"line":332,"column":47}},"loc":{"start":{"line":332,"column":56},"end":{"line":356,"column":9}},"line":332},"58":{"name":"(anonymous_58)","decl":{"start":{"line":351,"column":21},"end":{"line":351,"column":22}},"loc":{"start":{"line":351,"column":35},"end":{"line":355,"column":17}},"line":351},"59":{"name":"(anonymous_59)","decl":{"start":{"line":359,"column":35},"end":{"line":359,"column":36}},"loc":{"start":{"line":359,"column":41},"end":{"line":371,"column":5}},"line":359},"60":{"name":"(anonymous_60)","decl":{"start":{"line":360,"column":49},"end":{"line":360,"column":50}},"loc":{"start":{"line":360,"column":59},"end":{"line":370,"column":9}},"line":360},"61":{"name":"(anonymous_61)","decl":{"start":{"line":363,"column":21},"end":{"line":363,"column":22}},"loc":{"start":{"line":363,"column":35},"end":{"line":369,"column":17}},"line":363},"62":{"name":"(anonymous_62)","decl":{"start":{"line":373,"column":42},"end":{"line":373,"column":43}},"loc":{"start":{"line":373,"column":48},"end":{"line":389,"column":5}},"line":373},"63":{"name":"(anonymous_63)","decl":{"start":{"line":374,"column":57},"end":{"line":374,"column":58}},"loc":{"start":{"line":374,"column":67},"end":{"line":388,"column":9}},"line":374},"64":{"name":"(anonymous_64)","decl":{"start":{"line":383,"column":21},"end":{"line":383,"column":22}},"loc":{"start":{"line":383,"column":35},"end":{"line":387,"column":17}},"line":383},"65":{"name":"(anonymous_65)","decl":{"start":{"line":391,"column":40},"end":{"line":391,"column":41}},"loc":{"start":{"line":391,"column":46},"end":{"line":401,"column":5}},"line":391},"66":{"name":"(anonymous_66)","decl":{"start":{"line":392,"column":39},"end":{"line":392,"column":40}},"loc":{"start":{"line":392,"column":49},"end":{"line":400,"column":9}},"line":392},"67":{"name":"(anonymous_67)","decl":{"start":{"line":395,"column":21},"end":{"line":395,"column":22}},"loc":{"start":{"line":395,"column":35},"end":{"line":399,"column":17}},"line":395},"68":{"name":"(anonymous_68)","decl":{"start":{"line":403,"column":48},"end":{"line":403,"column":49}},"loc":{"start":{"line":403,"column":54},"end":{"line":417,"column":5}},"line":403},"69":{"name":"(anonymous_69)","decl":{"start":{"line":404,"column":51},"end":{"line":404,"column":52}},"loc":{"start":{"line":404,"column":61},"end":{"line":416,"column":9}},"line":404},"70":{"name":"(anonymous_70)","decl":{"start":{"line":411,"column":21},"end":{"line":411,"column":22}},"loc":{"start":{"line":411,"column":35},"end":{"line":415,"column":17}},"line":411},"71":{"name":"(anonymous_71)","decl":{"start":{"line":420,"column":70},"end":{"line":420,"column":71}},"loc":{"start":{"line":420,"column":76},"end":{"line":456,"column":5}},"line":420},"72":{"name":"(anonymous_72)","decl":{"start":{"line":421,"column":87},"end":{"line":421,"column":88}},"loc":{"start":{"line":421,"column":97},"end":{"line":455,"column":9}},"line":421},"73":{"name":"(anonymous_73)","decl":{"start":{"line":426,"column":21},"end":{"line":426,"column":22}},"loc":{"start":{"line":426,"column":35},"end":{"line":454,"column":17}},"line":426},"74":{"name":"(anonymous_74)","decl":{"start":{"line":433,"column":29},"end":{"line":433,"column":30}},"loc":{"start":{"line":433,"column":43},"end":{"line":453,"column":25}},"line":433},"75":{"name":"(anonymous_75)","decl":{"start":{"line":441,"column":37},"end":{"line":441,"column":38}},"loc":{"start":{"line":441,"column":51},"end":{"line":452,"column":33}},"line":441},"76":{"name":"(anonymous_76)","decl":{"start":{"line":448,"column":45},"end":{"line":448,"column":46}},"loc":{"start":{"line":448,"column":59},"end":{"line":451,"column":41}},"line":448},"77":{"name":"(anonymous_77)","decl":{"start":{"line":460,"column":25},"end":{"line":460,"column":26}},"loc":{"start":{"line":460,"column":31},"end":{"line":576,"column":1}},"line":460},"78":{"name":"(anonymous_78)","decl":{"start":{"line":463,"column":15},"end":{"line":463,"column":16}},"loc":{"start":{"line":463,"column":27},"end":{"line":468,"column":5}},"line":463},"79":{"name":"(anonymous_79)","decl":{"start":{"line":470,"column":10},"end":{"line":470,"column":11}},"loc":{"start":{"line":470,"column":22},"end":{"line":475,"column":5}},"line":470},"80":{"name":"(anonymous_80)","decl":{"start":{"line":477,"column":40},"end":{"line":477,"column":41}},"loc":{"start":{"line":477,"column":46},"end":{"line":492,"column":5}},"line":477},"81":{"name":"(anonymous_81)","decl":{"start":{"line":478,"column":56},"end":{"line":478,"column":57}},"loc":{"start":{"line":478,"column":66},"end":{"line":491,"column":9}},"line":478},"82":{"name":"(anonymous_82)","decl":{"start":{"line":486,"column":21},"end":{"line":486,"column":22}},"loc":{"start":{"line":486,"column":35},"end":{"line":490,"column":17}},"line":486},"83":{"name":"(anonymous_83)","decl":{"start":{"line":494,"column":43},"end":{"line":494,"column":44}},"loc":{"start":{"line":494,"column":49},"end":{"line":518,"column":5}},"line":494},"84":{"name":"(anonymous_84)","decl":{"start":{"line":495,"column":48},"end":{"line":495,"column":49}},"loc":{"start":{"line":495,"column":58},"end":{"line":517,"column":9}},"line":495},"85":{"name":"(anonymous_85)","decl":{"start":{"line":512,"column":21},"end":{"line":512,"column":22}},"loc":{"start":{"line":512,"column":35},"end":{"line":516,"column":17}},"line":512},"86":{"name":"(anonymous_86)","decl":{"start":{"line":520,"column":45},"end":{"line":520,"column":46}},"loc":{"start":{"line":520,"column":51},"end":{"line":558,"column":5}},"line":520},"87":{"name":"(anonymous_87)","decl":{"start":{"line":521,"column":50},"end":{"line":521,"column":51}},"loc":{"start":{"line":521,"column":60},"end":{"line":557,"column":9}},"line":521},"88":{"name":"(anonymous_88)","decl":{"start":{"line":538,"column":21},"end":{"line":538,"column":22}},"loc":{"start":{"line":538,"column":35},"end":{"line":556,"column":17}},"line":538},"89":{"name":"(anonymous_89)","decl":{"start":{"line":551,"column":29},"end":{"line":551,"column":30}},"loc":{"start":{"line":551,"column":43},"end":{"line":555,"column":25}},"line":551},"90":{"name":"(anonymous_90)","decl":{"start":{"line":560,"column":42},"end":{"line":560,"column":43}},"loc":{"start":{"line":560,"column":48},"end":{"line":575,"column":5}},"line":560},"91":{"name":"(anonymous_91)","decl":{"start":{"line":561,"column":54},"end":{"line":561,"column":55}},"loc":{"start":{"line":561,"column":64},"end":{"line":574,"column":9}},"line":561},"92":{"name":"(anonymous_92)","decl":{"start":{"line":569,"column":21},"end":{"line":569,"column":22}},"loc":{"start":{"line":569,"column":35},"end":{"line":573,"column":17}},"line":569}},"branchMap":{},"s":{"0":1,"1":1,"2":1,"3":1,"4":1,"5":1,"6":1,"7":1,"8":5,"9":5,"10":5,"11":5,"12":1,"13":1,"14":1,"15":1,"16":1,"17":1,"18":1,"19":1,"20":1,"21":1,"22":1,"23":1,"24":1,"25":1,"26":1,"27":1,"28":1,"29":1,"30":1,"31":1,"32":1,"33":1,"34":1,"35":1,"36":1,"37":1,"38":1,"39":1,"40":1,"41":1,"42":1,"43":1,"44":1,"45":1,"46":1,"47":1,"48":1,"49":1,"50":1,"51":1,"52":9,"53":9,"54":9,"55":9,"56":1,"57":1,"58":1,"59":1,"60":1,"61":1,"62":1,"63":1,"64":1,"65":1,"66":1,"67":1,"68":1,"69":1,"70":1,"71":1,"72":1,"73":1,"74":1,"75":1,"76":1,"77":1,"78":1,"79":1,"80":1,"81":1,"82":1,"83":1,"84":1,"85":1,"86":1,"87":1,"88":1,"89":1,"90":1,"91":1,"92":1,"93":1,"94":1,"95":1,"96":1,"97":1,"98":1,"99":1,"100":1,"101":1,"102":1,"103":1,"104":1,"105":1,"106":1,"107":1,"108":1,"109":1,"110":1,"111":1,"112":1,"113":1,"114":1,"115":1,"116":1,"117":1,"118":1,"119":1,"120":1,"121":1,"122":1,"123":1,"124":1,"125":8,"126":8,"127":8,"128":8,"129":1,"130":1,"131":1,"132":1,"133":1,"134":1,"135":1,"136":1,"137":1,"138":1,"139":1,"140":1,"141":1,"142":1,"143":1,"144":1,"145":1,"146":1,"147":1,"148":1,"149":1,"150":1,"151":1,"152":1,"153":1,"154":1,"155":1,"156":1,"157":1,"158":1,"159":1,"160":1,"161":1,"162":1,"163":1,"164":1,"165":1,"166":1,"167":1,"168":1,"169":1,"170":1,"171":1,"172":1,"173":1,"174":1,"175":1,"176":1,"177":1,"178":1,"179":1,"180":1,"181":1,"182":1,"183":1,"184":1,"185":1,"186":1,"187":1,"188":1,"189":1,"190":1,"191":1,"192":1,"193":1,"194":1,"195":1,"196":1,"197":1,"198":1,"199":4,"200":4,"201":4,"202":4,"203":1,"204":1,"205":1,"206":1,"207":1,"208":1,"209":1,"210":1,"211":1,"212":1,"213":1,"214":1,"215":1,"216":1,"217":1,"218":1,"219":1,"220":1,"221":1,"222":1,"223":1,"224":1,"225":1,"226":1,"227":1,"228":1,"229":1,"230":1,"231":1,"232":1,"233":1,"234":1,"235":1,"236":1,"237":1,"238":1,"239":1},"f":{"0":1,"1":5,"2":1,"3":1,"4":1,"5":1,"6":1,"7":1,"8":1,"9":1,"10":1,"11":1,"12":1,"13":1,"14":1,"15":1,"16":1,"17":9,"18":1,"19":1,"20":1,"21":1,"22":1,"23":1,"24":1,"25":1,"26":1,"27":1,"28":1,"29":1,"30":1,"31":1,"32":1,"33":1,"34":1,"35":1,"36":1,"37":1,"38":1,"39":1,"40":1,"41":1,"42":1,"43":1,"44":1,"45":1,"46":1,"47":1,"48":8,"49":1,"50":1,"51":1,"52":1,"53":1,"54":1,"55":1,"56":1,"57":1,"58":1,"59":1,"60":1,"61":1,"62":1,"63":1,"64":1,"65":1,"66":1,"67":1,"68":1,"69":1,"70":1,"71":1,"72":1,"73":1,"74":1,"75":1,"76":1,"77":1,"78":4,"79":1,"80":1,"81":1,"82":1,"83":1,"84":1,"85":1,"86":1,"87":1,"88":1,"89":1,"90":1,"91":1,"92":1},"b":{},"_coverageSchema":"1a1c01bbd47fc00a2c39e90264f33305004495a9","hash":"fcf19d1c72a6b543786e81c963df065c5fd7b1a8","contentHash":"45a23e228d307150bb874ba604b1f49450298408d2f627228c9449024a19c05a"},"/Users/brandonhannan/Documents/University Work/Year 3/Trimester 2/Software Frameworks/Assignment/SoftwareFrameworksAssignment/text-chat/server/server.js":{"path":"/Users/brandonhannan/Documents/University Work/Year 3/Trimester 2/Software Frameworks/Assignment/SoftwareFrameworksAssignment/text-chat/server/server.js","statementMap":{"0":{"start":{"line":1,"column":14},"end":{"line":1,"column":32}},"1":{"start":{"line":2,"column":13},"end":{"line":2,"column":28}},"2":{"start":{"line":3,"column":10},"end":{"line":3,"column":19}},"3":{"start":{"line":5,"column":0},"end":{"line":5,"column":16}},"4":{"start":{"line":6,"column":0},"end":{"line":6,"column":42}},"5":{"start":{"line":7,"column":0},"end":{"line":7,"column":64}},"6":{"start":{"line":8,"column":0},"end":{"line":8,"column":41}},"7":{"start":{"line":11,"column":0},"end":{"line":11,"column":52}},"8":{"start":{"line":12,"column":0},"end":{"line":12,"column":56}},"9":{"start":{"line":13,"column":0},"end":{"line":13,"column":66}},"10":{"start":{"line":14,"column":0},"end":{"line":14,"column":70}},"11":{"start":{"line":15,"column":0},"end":{"line":15,"column":68}},"12":{"start":{"line":16,"column":0},"end":{"line":16,"column":65}},"13":{"start":{"line":17,"column":0},"end":{"line":17,"column":82}},"14":{"start":{"line":18,"column":0},"end":{"line":18,"column":78}},"15":{"start":{"line":19,"column":0},"end":{"line":19,"column":72}},"16":{"start":{"line":20,"column":0},"end":{"line":20,"column":71}},"17":{"start":{"line":21,"column":0},"end":{"line":21,"column":69}},"18":{"start":{"line":22,"column":0},"end":{"line":22,"column":68}},"19":{"start":{"line":23,"column":0},"end":{"line":23,"column":74}},"20":{"start":{"line":24,"column":0},"end":{"line":24,"column":70}},"21":{"start":{"line":25,"column":0},"end":{"line":25,"column":68}},"22":{"start":{"line":26,"column":0},"end":{"line":26,"column":72}},"23":{"start":{"line":27,"column":0},"end":{"line":27,"column":84}},"24":{"start":{"line":28,"column":0},"end":{"line":28,"column":81}},"25":{"start":{"line":29,"column":0},"end":{"line":29,"column":75}},"26":{"start":{"line":30,"column":0},"end":{"line":30,"column":77}},"27":{"start":{"line":31,"column":0},"end":{"line":31,"column":68}},"28":{"start":{"line":32,"column":0},"end":{"line":32,"column":81}},"29":{"start":{"line":33,"column":0},"end":{"line":33,"column":93}},"30":{"start":{"line":34,"column":0},"end":{"line":34,"column":87}},"31":{"start":{"line":35,"column":0},"end":{"line":35,"column":60}},"32":{"start":{"line":36,"column":0},"end":{"line":36,"column":68}},"33":{"start":{"line":37,"column":0},"end":{"line":37,"column":65}},"34":{"start":{"line":38,"column":0},"end":{"line":38,"column":64}},"35":{"start":{"line":40,"column":0},"end":{"line":40,"column":21}},"36":{"start":{"line":42,"column":0},"end":{"line":86,"column":1}},"37":{"start":{"line":43,"column":18},"end":{"line":43,"column":34}},"38":{"start":{"line":44,"column":15},"end":{"line":44,"column":28}},"39":{"start":{"line":45,"column":34},"end":{"line":45,"column":49}},"40":{"start":{"line":46,"column":17},"end":{"line":46,"column":21}},"41":{"start":{"line":48,"column":20},"end":{"line":48,"column":42}},"42":{"start":{"line":49,"column":22},"end":{"line":49,"column":43}},"43":{"start":{"line":51,"column":24},"end":{"line":54,"column":11}},"44":{"start":{"line":56,"column":15},"end":{"line":63,"column":6}},"45":{"start":{"line":65,"column":23},"end":{"line":68,"column":6}},"46":{"start":{"line":70,"column":4},"end":{"line":70,"column":35}},"47":{"start":{"line":72,"column":8},"end":{"line":82,"column":9}},"48":{"start":{"line":73,"column":12},"end":{"line":73,"column":30}},"49":{"start":{"line":74,"column":12},"end":{"line":74,"column":38}},"50":{"start":{"line":75,"column":12},"end":{"line":77,"column":15}},"51":{"start":{"line":76,"column":16},"end":{"line":76,"column":64}},"52":{"start":{"line":80,"column":12},"end":{"line":80,"column":56}},"53":{"start":{"line":81,"column":12},"end":{"line":81,"column":28}},"54":{"start":{"line":85,"column":4},"end":{"line":85,"column":18}}},"fnMap":{"0":{"name":"startServer","decl":{"start":{"line":71,"column":19},"end":{"line":71,"column":30}},"loc":{"start":{"line":71,"column":33},"end":{"line":83,"column":5}},"line":71},"1":{"name":"(anonymous_1)","decl":{"start":{"line":75,"column":37},"end":{"line":75,"column":38}},"loc":{"start":{"line":75,"column":43},"end":{"line":77,"column":13}},"line":75}},"branchMap":{"0":{"loc":{"start":{"line":42,"column":0},"end":{"line":86,"column":1}},"type":"if","locations":[{"start":{"line":42,"column":0},"end":{"line":86,"column":1}},{"start":{},"end":{}}],"line":42}},"s":{"0":1,"1":1,"2":1,"3":1,"4":1,"5":1,"6":1,"7":1,"8":1,"9":1,"10":1,"11":1,"12":1,"13":1,"14":1,"15":1,"16":1,"17":1,"18":1,"19":1,"20":1,"21":1,"22":1,"23":1,"24":1,"25":1,"26":1,"27":1,"28":1,"29":1,"30":1,"31":1,"32":1,"33":1,"34":1,"35":1,"36":1,"37":0,"38":0,"39":0,"40":0,"41":0,"42":0,"43":0,"44":0,"45":0,"46":0,"47":0,"48":0,"49":0,"50":0,"51":0,"52":0,"53":0,"54":0},"f":{"0":0,"1":0},"b":{"0":[0,1]},"_coverageSchema":"1a1c01bbd47fc00a2c39e90264f33305004495a9","hash":"326d3ce620010cc4b4bc401f68f99880838ffd7d","contentHash":"3f17a9b6bde7ab91ae3b3a7beb78cddb374da311ddd0c8e97be2540554f30e03"},"/Users/brandonhannan/Documents/University Work/Year 3/Trimester 2/Software Frameworks/Assignment/SoftwareFrameworksAssignment/text-chat/server/api/auth/login.js":{"path":"/Users/brandonhannan/Documents/University Work/Year 3/Trimester 2/Software Frameworks/Assignment/SoftwareFrameworksAssignment/text-chat/server/api/auth/login.js","statementMap":{"0":{"start":{"line":1,"column":18},"end":{"line":1,"column":43}},"1":{"start":{"line":3,"column":0},"end":{"line":41,"column":1}},"2":{"start":{"line":4,"column":4},"end":{"line":6,"column":5}},"3":{"start":{"line":5,"column":8},"end":{"line":5,"column":101}},"4":{"start":{"line":7,"column":4},"end":{"line":10,"column":5}},"5":{"start":{"line":12,"column":4},"end":{"line":40,"column":5}},"6":{"start":{"line":13,"column":19},"end":{"line":13,"column":36}},"7":{"start":{"line":14,"column":29},"end":{"line":14,"column":66}},"8":{"start":{"line":15,"column":22},"end":{"line":15,"column":60}},"9":{"start":{"line":16,"column":26},"end":{"line":18,"column":52}},"10":{"start":{"line":17,"column":12},"end":{"line":18,"column":51}},"11":{"start":{"line":19,"column":8},"end":{"line":36,"column":9}},"12":{"start":{"line":20,"column":33},"end":{"line":31,"column":13}},"13":{"start":{"line":32,"column":12},"end":{"line":32,"column":85}},"14":{"start":{"line":35,"column":12},"end":{"line":35,"column":102}},"15":{"start":{"line":39,"column":8},"end":{"line":39,"column":108}}},"fnMap":{"0":{"name":"(anonymous_0)","decl":{"start":{"line":3,"column":17},"end":{"line":3,"column":18}},"loc":{"start":{"line":3,"column":42},"end":{"line":41,"column":1}},"line":3},"1":{"name":"(anonymous_1)","decl":{"start":{"line":16,"column":37},"end":{"line":16,"column":38}},"loc":{"start":{"line":17,"column":12},"end":{"line":18,"column":51}},"line":17}},"branchMap":{"0":{"loc":{"start":{"line":4,"column":4},"end":{"line":6,"column":5}},"type":"if","locations":[{"start":{"line":4,"column":4},"end":{"line":6,"column":5}},{"start":{},"end":{}}],"line":4},"1":{"loc":{"start":{"line":15,"column":22},"end":{"line":15,"column":60}},"type":"cond-expr","locations":[{"start":{"line":15,"column":37},"end":{"line":15,"column":55}},{"start":{"line":15,"column":58},"end":{"line":15,"column":60}}],"line":15},"2":{"loc":{"start":{"line":17,"column":12},"end":{"line":18,"column":51}},"type":"binary-expr","locations":[{"start":{"line":17,"column":13},"end":{"line":17,"column":52}},{"start":{"line":17,"column":56},"end":{"line":17,"column":92}},{"start":{"line":18,"column":12},"end":{"line":18,"column":51}}],"line":17},"3":{"loc":{"start":{"line":19,"column":8},"end":{"line":36,"column":9}},"type":"if","locations":[{"start":{"line":19,"column":8},"end":{"line":36,"column":9}},{"start":{"line":34,"column":12},"end":{"line":36,"column":9}}],"line":19}},"s":{"0":1,"1":1,"2":3,"3":0,"4":3,"5":3,"6":3,"7":3,"8":3,"9":3,"10":6,"11":3,"12":2,"13":2,"14":1,"15":0},"f":{"0":3,"1":6},"b":{"0":[0,3],"1":[3,0],"2":[6,3,3],"3":[2,1]},"_coverageSchema":"1a1c01bbd47fc00a2c39e90264f33305004495a9","hash":"21eb838f44b2e917590568543a73ec99b77f3c79","contentHash":"0f5e916608795ff831ea6bfac483687e3e61861ad5127878e12c0c5efcc34d6d"},"/Users/brandonhannan/Documents/University Work/Year 3/Trimester 2/Software Frameworks/Assignment/SoftwareFrameworksAssignment/text-chat/server/database.js":{"path":"/Users/brandonhannan/Documents/University Work/Year 3/Trimester 2/Software Frameworks/Assignment/SoftwareFrameworksAssignment/text-chat/server/database.js","statementMap":{"0":{"start":{"line":1,"column":24},"end":{"line":1,"column":42}},"1":{"start":{"line":2,"column":0},"end":{"line":2,"column":27}},"2":{"start":{"line":4,"column":12},"end":{"line":4,"column":35}},"3":{"start":{"line":6,"column":15},"end":{"line":6,"column":35}},"4":{"start":{"line":8,"column":21},"end":{"line":8,"column":38}},"5":{"start":{"line":13,"column":4},"end":{"line":13,"column":22}},"6":{"start":{"line":13,"column":12},"end":{"line":13,"column":22}},"7":{"start":{"line":14,"column":4},"end":{"line":24,"column":5}},"8":{"start":{"line":15,"column":8},"end":{"line":15,"column":31}},"9":{"start":{"line":16,"column":8},"end":{"line":16,"column":29}},"10":{"start":{"line":18,"column":8},"end":{"line":18,"column":31}},"11":{"start":{"line":20,"column":8},"end":{"line":20,"column":18}},"12":{"start":{"line":22,"column":8},"end":{"line":22,"column":25}},"13":{"start":{"line":23,"column":8},"end":{"line":23,"column":16}},"14":{"start":{"line":27,"column":0},"end":{"line":27,"column":27}}},"fnMap":{"0":{"name":"connectDB","decl":{"start":{"line":12,"column":15},"end":{"line":12,"column":24}},"loc":{"start":{"line":12,"column":27},"end":{"line":25,"column":1}},"line":12}},"branchMap":{"0":{"loc":{"start":{"line":13,"column":4},"end":{"line":13,"column":22}},"type":"if","locations":[{"start":{"line":13,"column":4},"end":{"line":13,"column":22}},{"start":{},"end":{}}],"line":13}},"s":{"0":1,"1":1,"2":1,"3":1,"4":1,"5":61,"6":60,"7":1,"8":1,"9":1,"10":1,"11":1,"12":0,"13":0,"14":1},"f":{"0":61},"b":{"0":[60,1]},"_coverageSchema":"1a1c01bbd47fc00a2c39e90264f33305004495a9","hash":"1509cce811dd2503b6a0d73a01026df74987d809","contentHash":"d750f85c15036b17378486c5361c0924474b1c50c4c510fd38a1be77d67c1436"},"/Users/brandonhannan/Documents/University Work/Year 3/Trimester 2/Software Frameworks/Assignment/SoftwareFrameworksAssignment/text-chat/server/seed.js":{"path":"/Users/brandonhannan/Documents/University Work/Year 3/Trimester 2/Software Frameworks/Assignment/SoftwareFrameworksAssignment/text-chat/server/seed.js","statementMap":{"0":{"start":{"line":1,"column":11},"end":{"line":1,"column":24}},"1":{"start":{"line":2,"column":13},"end":{"line":2,"column":28}},"2":{"start":{"line":4,"column":21},"end":{"line":26,"column":1}},"3":{"start":{"line":5,"column":4},"end":{"line":25,"column":5}},"4":{"start":{"line":6,"column":27},"end":{"line":6,"column":46}},"5":{"start":{"line":7,"column":30},"end":{"line":7,"column":63}},"6":{"start":{"line":10,"column":8},"end":{"line":22,"column":9}},"7":{"start":{"line":11,"column":12},"end":{"line":11,"column":83}},"8":{"start":{"line":14,"column":33},"end":{"line":14,"column":77}},"9":{"start":{"line":15,"column":29},"end":{"line":15,"column":79}},"10":{"start":{"line":17,"column":12},"end":{"line":17,"column":49}},"11":{"start":{"line":19,"column":12},"end":{"line":19,"column":43}},"12":{"start":{"line":21,"column":12},"end":{"line":21,"column":74}},"13":{"start":{"line":24,"column":8},"end":{"line":24,"column":63}},"14":{"start":{"line":28,"column":0},"end":{"line":28,"column":30}}},"fnMap":{"0":{"name":"(anonymous_0)","decl":{"start":{"line":4,"column":21},"end":{"line":4,"column":22}},"loc":{"start":{"line":4,"column":35},"end":{"line":26,"column":1}},"line":4}},"branchMap":{"0":{"loc":{"start":{"line":10,"column":8},"end":{"line":22,"column":9}},"type":"if","locations":[{"start":{"line":10,"column":8},"end":{"line":22,"column":9}},{"start":{"line":20,"column":15},"end":{"line":22,"column":9}}],"line":10}},"s":{"0":1,"1":1,"2":1,"3":1,"4":1,"5":1,"6":1,"7":0,"8":0,"9":0,"10":0,"11":0,"12":1,"13":0,"14":1},"f":{"0":1},"b":{"0":[0,1]},"_coverageSchema":"1a1c01bbd47fc00a2c39e90264f33305004495a9","hash":"f70fba0422d39cdeca601dbe7f80c083a227efca","contentHash":"7c88eb53359a233c15145c4fa506cee15ae0c16fb408626c3521433b3b3fd065"},"/Users/brandonhannan/Documents/University Work/Year 3/Trimester 2/Software Frameworks/Assignment/SoftwareFrameworksAssignment/text-chat/server/api/auth/signup.js":{"path":"/Users/brandonhannan/Documents/University Work/Year 3/Trimester 2/Software Frameworks/Assignment/SoftwareFrameworksAssignment/text-chat/server/api/auth/signup.js","statementMap":{"0":{"start":{"line":1,"column":18},"end":{"line":1,"column":43}},"1":{"start":{"line":3,"column":0},"end":{"line":67,"column":1}},"2":{"start":{"line":4,"column":4},"end":{"line":6,"column":5}},"3":{"start":{"line":5,"column":8},"end":{"line":5,"column":101}},"4":{"start":{"line":7,"column":4},"end":{"line":11,"column":5}},"5":{"start":{"line":13,"column":4},"end":{"line":66,"column":5}},"6":{"start":{"line":14,"column":19},"end":{"line":14,"column":36}},"7":{"start":{"line":15,"column":29},"end":{"line":15,"column":66}},"8":{"start":{"line":16,"column":22},"end":{"line":16,"column":60}},"9":{"start":{"line":17,"column":26},"end":{"line":17,"column":126}},"10":{"start":{"line":17,"column":45},"end":{"line":17,"column":125}},"11":{"start":{"line":18,"column":8},"end":{"line":62,"column":9}},"12":{"start":{"line":19,"column":27},"end":{"line":19,"column":49}},"13":{"start":{"line":20,"column":12},"end":{"line":22,"column":13}},"14":{"start":{"line":21,"column":16},"end":{"line":21,"column":53}},"15":{"start":{"line":23,"column":12},"end":{"line":23,"column":84}},"16":{"start":{"line":26,"column":26},"end":{"line":26,"column":92}},"17":{"start":{"line":26,"column":75},"end":{"line":26,"column":82}},"18":{"start":{"line":27,"column":28},"end":{"line":39,"column":13}},"19":{"start":{"line":40,"column":27},"end":{"line":43,"column":13}},"20":{"start":{"line":44,"column":12},"end":{"line":61,"column":13}},"21":{"start":{"line":45,"column":37},"end":{"line":56,"column":17}},"22":{"start":{"line":57,"column":16},"end":{"line":57,"column":89}},"23":{"start":{"line":60,"column":16},"end":{"line":60,"column":108}},"24":{"start":{"line":65,"column":8},"end":{"line":65,"column":108}}},"fnMap":{"0":{"name":"(anonymous_0)","decl":{"start":{"line":3,"column":17},"end":{"line":3,"column":18}},"loc":{"start":{"line":3,"column":42},"end":{"line":67,"column":1}},"line":3},"1":{"name":"(anonymous_1)","decl":{"start":{"line":17,"column":37},"end":{"line":17,"column":38}},"loc":{"start":{"line":17,"column":45},"end":{"line":17,"column":125}},"line":17},"2":{"name":"(anonymous_2)","decl":{"start":{"line":26,"column":67},"end":{"line":26,"column":68}},"loc":{"start":{"line":26,"column":75},"end":{"line":26,"column":82}},"line":26}},"branchMap":{"0":{"loc":{"start":{"line":4,"column":4},"end":{"line":6,"column":5}},"type":"if","locations":[{"start":{"line":4,"column":4},"end":{"line":6,"column":5}},{"start":{},"end":{}}],"line":4},"1":{"loc":{"start":{"line":16,"column":22},"end":{"line":16,"column":60}},"type":"cond-expr","locations":[{"start":{"line":16,"column":37},"end":{"line":16,"column":55}},{"start":{"line":16,"column":58},"end":{"line":16,"column":60}}],"line":16},"2":{"loc":{"start":{"line":17,"column":45},"end":{"line":17,"column":125}},"type":"binary-expr","locations":[{"start":{"line":17,"column":45},"end":{"line":17,"column":86}},{"start":{"line":17,"column":90},"end":{"line":17,"column":125}}],"line":17},"3":{"loc":{"start":{"line":18,"column":8},"end":{"line":62,"column":9}},"type":"if","locations":[{"start":{"line":18,"column":8},"end":{"line":62,"column":9}},{"start":{"line":25,"column":12},"end":{"line":62,"column":9}}],"line":18},"4":{"loc":{"start":{"line":20,"column":12},"end":{"line":22,"column":13}},"type":"if","locations":[{"start":{"line":20,"column":12},"end":{"line":22,"column":13}},{"start":{},"end":{}}],"line":20},"5":{"loc":{"start":{"line":26,"column":26},"end":{"line":26,"column":92}},"type":"cond-expr","locations":[{"start":{"line":26,"column":45},"end":{"line":26,"column":88}},{"start":{"line":26,"column":91},"end":{"line":26,"column":92}}],"line":26},"6":{"loc":{"start":{"line":44,"column":12},"end":{"line":61,"column":13}},"type":"if","locations":[{"start":{"line":44,"column":12},"end":{"line":61,"column":13}},{"start":{"line":59,"column":17},"end":{"line":61,"column":13}}],"line":44}},"s":{"0":1,"1":1,"2":3,"3":0,"4":3,"5":3,"6":3,"7":3,"8":3,"9":3,"10":5,"11":3,"12":1,"13":1,"14":1,"15":1,"16":2,"17":4,"18":2,"19":2,"20":2,"21":2,"22":2,"23":0,"24":0},"f":{"0":3,"1":5,"2":4},"b":{"0":[0,3],"1":[3,0],"2":[5,4],"3":[1,2],"4":[1,0],"5":[2,0],"6":[2,0]},"_coverageSchema":"1a1c01bbd47fc00a2c39e90264f33305004495a9","hash":"1dee8902bc6dc22f3008fe1aee52a87cd01953ba","contentHash":"953b849a5a22adda91532d3d22bf6fb0f907a132cfe954d248965ebfdbb8f61b"},"/Users/brandonhannan/Documents/University Work/Year 3/Trimester 2/Software Frameworks/Assignment/SoftwareFrameworksAssignment/text-chat/server/api/groups/createGroup.js":{"path":"/Users/brandonhannan/Documents/University Work/Year 3/Trimester 2/Software Frameworks/Assignment/SoftwareFrameworksAssignment/text-chat/server/api/groups/createGroup.js","statementMap":{"0":{"start":{"line":1,"column":18},"end":{"line":1,"column":43}},"1":{"start":{"line":3,"column":0},"end":{"line":83,"column":1}},"2":{"start":{"line":4,"column":4},"end":{"line":6,"column":5}},"3":{"start":{"line":5,"column":8},"end":{"line":5,"column":99}},"4":{"start":{"line":7,"column":31},"end":{"line":7,"column":39}},"5":{"start":{"line":9,"column":4},"end":{"line":82,"column":5}},"6":{"start":{"line":10,"column":19},"end":{"line":10,"column":36}},"7":{"start":{"line":11,"column":29},"end":{"line":11,"column":66}},"8":{"start":{"line":13,"column":8},"end":{"line":15,"column":9}},"9":{"start":{"line":14,"column":12},"end":{"line":14,"column":116}},"10":{"start":{"line":18,"column":24},"end":{"line":18,"column":77}},"11":{"start":{"line":18,"column":53},"end":{"line":18,"column":76}},"12":{"start":{"line":19,"column":8},"end":{"line":21,"column":9}},"13":{"start":{"line":20,"column":12},"end":{"line":20,"column":111}},"14":{"start":{"line":23,"column":28},"end":{"line":23,"column":90}},"15":{"start":{"line":23,"column":59},"end":{"line":23,"column":89}},"16":{"start":{"line":26,"column":27},"end":{"line":26,"column":29}},"17":{"start":{"line":28,"column":8},"end":{"line":32,"column":11}},"18":{"start":{"line":35,"column":8},"end":{"line":43,"column":11}},"19":{"start":{"line":36,"column":12},"end":{"line":42,"column":13}},"20":{"start":{"line":37,"column":16},"end":{"line":41,"column":19}},"21":{"start":{"line":46,"column":22},"end":{"line":46,"column":118}},"22":{"start":{"line":46,"column":100},"end":{"line":46,"column":108}},"23":{"start":{"line":48,"column":25},"end":{"line":53,"column":9}},"24":{"start":{"line":55,"column":51},"end":{"line":71,"column":10}},"25":{"start":{"line":73,"column":8},"end":{"line":77,"column":9}},"26":{"start":{"line":74,"column":12},"end":{"line":74,"column":84}},"27":{"start":{"line":76,"column":12},"end":{"line":76,"column":106}},"28":{"start":{"line":80,"column":8},"end":{"line":80,"column":52}},"29":{"start":{"line":81,"column":8},"end":{"line":81,"column":101}}},"fnMap":{"0":{"name":"(anonymous_0)","decl":{"start":{"line":3,"column":17},"end":{"line":3,"column":18}},"loc":{"start":{"line":3,"column":42},"end":{"line":83,"column":1}},"line":3},"1":{"name":"(anonymous_1)","decl":{"start":{"line":18,"column":48},"end":{"line":18,"column":49}},"loc":{"start":{"line":18,"column":53},"end":{"line":18,"column":76}},"line":18},"2":{"name":"(anonymous_2)","decl":{"start":{"line":23,"column":54},"end":{"line":23,"column":55}},"loc":{"start":{"line":23,"column":59},"end":{"line":23,"column":89}},"line":23},"3":{"name":"(anonymous_3)","decl":{"start":{"line":35,"column":28},"end":{"line":35,"column":29}},"loc":{"start":{"line":35,"column":37},"end":{"line":43,"column":9}},"line":35},"4":{"name":"(anonymous_4)","decl":{"start":{"line":46,"column":91},"end":{"line":46,"column":92}},"loc":{"start":{"line":46,"column":100},"end":{"line":46,"column":108}},"line":46}},"branchMap":{"0":{"loc":{"start":{"line":4,"column":4},"end":{"line":6,"column":5}},"type":"if","locations":[{"start":{"line":4,"column":4},"end":{"line":6,"column":5}},{"start":{},"end":{}}],"line":4},"1":{"loc":{"start":{"line":13,"column":8},"end":{"line":15,"column":9}},"type":"if","locations":[{"start":{"line":13,"column":8},"end":{"line":15,"column":9}},{"start":{},"end":{}}],"line":13},"2":{"loc":{"start":{"line":19,"column":8},"end":{"line":21,"column":9}},"type":"if","locations":[{"start":{"line":19,"column":8},"end":{"line":21,"column":9}},{"start":{},"end":{}}],"line":19},"3":{"loc":{"start":{"line":36,"column":12},"end":{"line":42,"column":13}},"type":"if","locations":[{"start":{"line":36,"column":12},"end":{"line":42,"column":13}},{"start":{},"end":{}}],"line":36},"4":{"loc":{"start":{"line":46,"column":22},"end":{"line":46,"column":118}},"type":"cond-expr","locations":[{"start":{"line":46,"column":55},"end":{"line":46,"column":114}},{"start":{"line":46,"column":117},"end":{"line":46,"column":118}}],"line":46},"5":{"loc":{"start":{"line":73,"column":8},"end":{"line":77,"column":9}},"type":"if","locations":[{"start":{"line":73,"column":8},"end":{"line":77,"column":9}},{"start":{"line":75,"column":15},"end":{"line":77,"column":9}}],"line":73},"6":{"loc":{"start":{"line":73,"column":12},"end":{"line":73,"column":82}},"type":"binary-expr","locations":[{"start":{"line":73,"column":12},"end":{"line":73,"column":44}},{"start":{"line":73,"column":48},"end":{"line":73,"column":82}}],"line":73}},"s":{"0":1,"1":1,"2":1,"3":0,"4":1,"5":1,"6":1,"7":1,"8":1,"9":0,"10":1,"11":1,"12":1,"13":0,"14":1,"15":2,"16":1,"17":1,"18":1,"19":1,"20":0,"21":1,"22":2,"23":1,"24":1,"25":1,"26":1,"27":0,"28":0,"29":0},"f":{"0":1,"1":1,"2":2,"3":1,"4":2},"b":{"0":[0,1],"1":[0,1],"2":[0,1],"3":[0,1],"4":[1,0],"5":[1,0],"6":[1,1]},"_coverageSchema":"1a1c01bbd47fc00a2c39e90264f33305004495a9","hash":"e439a5a0d4c078f26b7f265650f491fe68f4c60d","contentHash":"3aa5a6e6abf30fae89117157457c22514d83329159645e418692209594d1f93e"},"/Users/brandonhannan/Documents/University Work/Year 3/Trimester 2/Software Frameworks/Assignment/SoftwareFrameworksAssignment/text-chat/server/api/groups/acceptRequest.js":{"path":"/Users/brandonhannan/Documents/University Work/Year 3/Trimester 2/Software Frameworks/Assignment/SoftwareFrameworksAssignment/text-chat/server/api/groups/acceptRequest.js","statementMap":{"0":{"start":{"line":1,"column":18},"end":{"line":1,"column":43}},"1":{"start":{"line":3,"column":0},"end":{"line":62,"column":2}},"2":{"start":{"line":4,"column":4},"end":{"line":6,"column":5}},"3":{"start":{"line":5,"column":8},"end":{"line":5,"column":82}},"4":{"start":{"line":8,"column":20},"end":{"line":8,"column":28}},"5":{"start":{"line":10,"column":4},"end":{"line":61,"column":5}},"6":{"start":{"line":11,"column":19},"end":{"line":11,"column":36}},"7":{"start":{"line":12,"column":24},"end":{"line":15,"column":9}},"8":{"start":{"line":17,"column":8},"end":{"line":19,"column":9}},"9":{"start":{"line":18,"column":12},"end":{"line":18,"column":97}},"10":{"start":{"line":20,"column":27},"end":{"line":20,"column":44}},"11":{"start":{"line":22,"column":27},"end":{"line":49,"column":9}},"12":{"start":{"line":51,"column":23},"end":{"line":51,"column":70}},"13":{"start":{"line":53,"column":8},"end":{"line":57,"column":9}},"14":{"start":{"line":54,"column":12},"end":{"line":54,"column":93}},"15":{"start":{"line":56,"column":12},"end":{"line":56,"column":79}},"16":{"start":{"line":60,"column":8},"end":{"line":60,"column":69}}},"fnMap":{"0":{"name":"(anonymous_0)","decl":{"start":{"line":3,"column":17},"end":{"line":3,"column":18}},"loc":{"start":{"line":3,"column":42},"end":{"line":62,"column":1}},"line":3}},"branchMap":{"0":{"loc":{"start":{"line":4,"column":4},"end":{"line":6,"column":5}},"type":"if","locations":[{"start":{"line":4,"column":4},"end":{"line":6,"column":5}},{"start":{},"end":{}}],"line":4},"1":{"loc":{"start":{"line":17,"column":8},"end":{"line":19,"column":9}},"type":"if","locations":[{"start":{"line":17,"column":8},"end":{"line":19,"column":9}},{"start":{},"end":{}}],"line":17},"2":{"loc":{"start":{"line":17,"column":12},"end":{"line":17,"column":70}},"type":"binary-expr","locations":[{"start":{"line":17,"column":12},"end":{"line":17,"column":20}},{"start":{"line":17,"column":24},"end":{"line":17,"column":39}},{"start":{"line":17,"column":43},"end":{"line":17,"column":70}}],"line":17},"3":{"loc":{"start":{"line":53,"column":8},"end":{"line":57,"column":9}},"type":"if","locations":[{"start":{"line":53,"column":8},"end":{"line":57,"column":9}},{"start":{"line":55,"column":15},"end":{"line":57,"column":9}}],"line":53}},"s":{"0":1,"1":1,"2":1,"3":0,"4":1,"5":1,"6":1,"7":1,"8":1,"9":0,"10":1,"11":1,"12":1,"13":1,"14":1,"15":0,"16":0},"f":{"0":1},"b":{"0":[0,1],"1":[0,1],"2":[1,1,1],"3":[1,0]},"_coverageSchema":"1a1c01bbd47fc00a2c39e90264f33305004495a9","hash":"d3da542728c16db126f6c7728197d8ec7ef11051","contentHash":"9fd63a5acb13c2a85f5eb4df674439dbb86748494196f7132e33f9e1435e6dce"},"/Users/brandonhannan/Documents/University Work/Year 3/Trimester 2/Software Frameworks/Assignment/SoftwareFrameworksAssignment/text-chat/server/api/groups/requestGroup.js":{"path":"/Users/brandonhannan/Documents/University Work/Year 3/Trimester 2/Software Frameworks/Assignment/SoftwareFrameworksAssignment/text-chat/server/api/groups/requestGroup.js","statementMap":{"0":{"start":{"line":1,"column":18},"end":{"line":1,"column":43}},"1":{"start":{"line":3,"column":0},"end":{"line":79,"column":2}},"2":{"start":{"line":4,"column":4},"end":{"line":6,"column":5}},"3":{"start":{"line":5,"column":8},"end":{"line":5,"column":82}},"4":{"start":{"line":8,"column":20},"end":{"line":8,"column":28}},"5":{"start":{"line":10,"column":4},"end":{"line":78,"column":5}},"6":{"start":{"line":11,"column":19},"end":{"line":11,"column":36}},"7":{"start":{"line":12,"column":24},"end":{"line":12,"column":61}},"8":{"start":{"line":13,"column":8},"end":{"line":15,"column":9}},"9":{"start":{"line":14,"column":12},"end":{"line":14,"column":101}},"10":{"start":{"line":18,"column":28},"end":{"line":18,"column":78}},"11":{"start":{"line":18,"column":53},"end":{"line":18,"column":77}},"12":{"start":{"line":19,"column":8},"end":{"line":21,"column":9}},"13":{"start":{"line":20,"column":12},"end":{"line":20,"column":99}},"14":{"start":{"line":22,"column":36},"end":{"line":24,"column":39}},"15":{"start":{"line":23,"column":28},"end":{"line":23,"column":84}},"16":{"start":{"line":24,"column":25},"end":{"line":24,"column":38}},"17":{"start":{"line":27,"column":42},"end":{"line":29,"column":39}},"18":{"start":{"line":28,"column":28},"end":{"line":28,"column":61}},"19":{"start":{"line":29,"column":25},"end":{"line":29,"column":38}},"20":{"start":{"line":32,"column":37},"end":{"line":32,"column":105}},"21":{"start":{"line":34,"column":8},"end":{"line":36,"column":9}},"22":{"start":{"line":35,"column":12},"end":{"line":35,"column":121}},"23":{"start":{"line":39,"column":32},"end":{"line":51,"column":10}},"24":{"start":{"line":54,"column":8},"end":{"line":56,"column":9}},"25":{"start":{"line":55,"column":12},"end":{"line":55,"column":123}},"26":{"start":{"line":58,"column":23},"end":{"line":68,"column":9}},"27":{"start":{"line":70,"column":8},"end":{"line":74,"column":9}},"28":{"start":{"line":71,"column":12},"end":{"line":71,"column":93}},"29":{"start":{"line":73,"column":12},"end":{"line":73,"column":79}},"30":{"start":{"line":77,"column":8},"end":{"line":77,"column":69}}},"fnMap":{"0":{"name":"(anonymous_0)","decl":{"start":{"line":3,"column":17},"end":{"line":3,"column":18}},"loc":{"start":{"line":3,"column":42},"end":{"line":79,"column":1}},"line":3},"1":{"name":"(anonymous_1)","decl":{"start":{"line":18,"column":48},"end":{"line":18,"column":49}},"loc":{"start":{"line":18,"column":53},"end":{"line":18,"column":77}},"line":18},"2":{"name":"(anonymous_2)","decl":{"start":{"line":23,"column":20},"end":{"line":23,"column":21}},"loc":{"start":{"line":23,"column":28},"end":{"line":23,"column":84}},"line":23},"3":{"name":"(anonymous_3)","decl":{"start":{"line":24,"column":17},"end":{"line":24,"column":18}},"loc":{"start":{"line":24,"column":25},"end":{"line":24,"column":38}},"line":24},"4":{"name":"(anonymous_4)","decl":{"start":{"line":28,"column":20},"end":{"line":28,"column":21}},"loc":{"start":{"line":28,"column":28},"end":{"line":28,"column":61}},"line":28},"5":{"name":"(anonymous_5)","decl":{"start":{"line":29,"column":17},"end":{"line":29,"column":18}},"loc":{"start":{"line":29,"column":25},"end":{"line":29,"column":38}},"line":29}},"branchMap":{"0":{"loc":{"start":{"line":4,"column":4},"end":{"line":6,"column":5}},"type":"if","locations":[{"start":{"line":4,"column":4},"end":{"line":6,"column":5}},{"start":{},"end":{}}],"line":4},"1":{"loc":{"start":{"line":13,"column":8},"end":{"line":15,"column":9}},"type":"if","locations":[{"start":{"line":13,"column":8},"end":{"line":15,"column":9}},{"start":{},"end":{}}],"line":13},"2":{"loc":{"start":{"line":19,"column":8},"end":{"line":21,"column":9}},"type":"if","locations":[{"start":{"line":19,"column":8},"end":{"line":21,"column":9}},{"start":{},"end":{}}],"line":19},"3":{"loc":{"start":{"line":23,"column":28},"end":{"line":23,"column":84}},"type":"binary-expr","locations":[{"start":{"line":23,"column":28},"end":{"line":23,"column":54}},{"start":{"line":23,"column":58},"end":{"line":23,"column":84}}],"line":23},"4":{"loc":{"start":{"line":34,"column":8},"end":{"line":36,"column":9}},"type":"if","locations":[{"start":{"line":34,"column":8},"end":{"line":36,"column":9}},{"start":{},"end":{}}],"line":34},"5":{"loc":{"start":{"line":54,"column":8},"end":{"line":56,"column":9}},"type":"if","locations":[{"start":{"line":54,"column":8},"end":{"line":56,"column":9}},{"start":{},"end":{}}],"line":54},"6":{"loc":{"start":{"line":70,"column":8},"end":{"line":74,"column":9}},"type":"if","locations":[{"start":{"line":70,"column":8},"end":{"line":74,"column":9}},{"start":{"line":72,"column":15},"end":{"line":74,"column":9}}],"line":70}},"s":{"0":1,"1":1,"2":1,"3":0,"4":1,"5":1,"6":1,"7":1,"8":1,"9":0,"10":1,"11":1,"12":1,"13":0,"14":1,"15":1,"16":1,"17":1,"18":3,"19":1,"20":1,"21":1,"22":0,"23":1,"24":1,"25":0,"26":1,"27":1,"28":1,"29":0,"30":0},"f":{"0":1,"1":1,"2":1,"3":1,"4":3,"5":1},"b":{"0":[0,1],"1":[0,1],"2":[0,1],"3":[1,0],"4":[0,1],"5":[0,1],"6":[1,0]},"_coverageSchema":"1a1c01bbd47fc00a2c39e90264f33305004495a9","hash":"59b450e8719bf7a453970b7a0c8d61ff07c34baf","contentHash":"80d1cd0869ee1139607d184709f1083b0b26fcaf82391dc647bba392e4437280"},"/Users/brandonhannan/Documents/University Work/Year 3/Trimester 2/Software Frameworks/Assignment/SoftwareFrameworksAssignment/text-chat/server/api/reports/reportUser.js":{"path":"/Users/brandonhannan/Documents/University Work/Year 3/Trimester 2/Software Frameworks/Assignment/SoftwareFrameworksAssignment/text-chat/server/api/reports/reportUser.js","statementMap":{"0":{"start":{"line":1,"column":18},"end":{"line":1,"column":43}},"1":{"start":{"line":3,"column":0},"end":{"line":40,"column":1}},"2":{"start":{"line":4,"column":4},"end":{"line":6,"column":5}},"3":{"start":{"line":5,"column":8},"end":{"line":5,"column":84}},"4":{"start":{"line":7,"column":4},"end":{"line":13,"column":5}},"5":{"start":{"line":15,"column":4},"end":{"line":39,"column":5}},"6":{"start":{"line":16,"column":19},"end":{"line":16,"column":36}},"7":{"start":{"line":17,"column":29},"end":{"line":17,"column":66}},"8":{"start":{"line":19,"column":8},"end":{"line":21,"column":9}},"9":{"start":{"line":20,"column":12},"end":{"line":20,"column":100}},"10":{"start":{"line":24,"column":23},"end":{"line":28,"column":9}},"11":{"start":{"line":30,"column":8},"end":{"line":35,"column":9}},"12":{"start":{"line":31,"column":12},"end":{"line":31,"column":63}},"13":{"start":{"line":34,"column":12},"end":{"line":34,"column":88}},"14":{"start":{"line":38,"column":8},"end":{"line":38,"column":94}}},"fnMap":{"0":{"name":"(anonymous_0)","decl":{"start":{"line":3,"column":17},"end":{"line":3,"column":18}},"loc":{"start":{"line":3,"column":42},"end":{"line":40,"column":1}},"line":3}},"branchMap":{"0":{"loc":{"start":{"line":4,"column":4},"end":{"line":6,"column":5}},"type":"if","locations":[{"start":{"line":4,"column":4},"end":{"line":6,"column":5}},{"start":{},"end":{}}],"line":4},"1":{"loc":{"start":{"line":19,"column":8},"end":{"line":21,"column":9}},"type":"if","locations":[{"start":{"line":19,"column":8},"end":{"line":21,"column":9}},{"start":{},"end":{}}],"line":19},"2":{"loc":{"start":{"line":30,"column":8},"end":{"line":35,"column":9}},"type":"if","locations":[{"start":{"line":30,"column":8},"end":{"line":35,"column":9}},{"start":{"line":33,"column":13},"end":{"line":35,"column":9}}],"line":30}},"s":{"0":1,"1":1,"2":0,"3":0,"4":0,"5":0,"6":0,"7":0,"8":0,"9":0,"10":0,"11":0,"12":0,"13":0,"14":0},"f":{"0":0},"b":{"0":[0,0],"1":[0,0],"2":[0,0]},"_coverageSchema":"1a1c01bbd47fc00a2c39e90264f33305004495a9","hash":"c193278fcf0244a233483ed5b677eca28baae580","contentHash":"28941c95b10c33923c88432822c66c0ebb74e4589d9ef6f441dc412597a82825"},"/Users/brandonhannan/Documents/University Work/Year 3/Trimester 2/Software Frameworks/Assignment/SoftwareFrameworksAssignment/text-chat/server/api/channels/banUserFromChannel.js":{"path":"/Users/brandonhannan/Documents/University Work/Year 3/Trimester 2/Software Frameworks/Assignment/SoftwareFrameworksAssignment/text-chat/server/api/channels/banUserFromChannel.js","statementMap":{"0":{"start":{"line":1,"column":18},"end":{"line":1,"column":43}},"1":{"start":{"line":3,"column":0},"end":{"line":46,"column":1}},"2":{"start":{"line":4,"column":49},"end":{"line":4,"column":57}},"3":{"start":{"line":5,"column":4},"end":{"line":7,"column":5}},"4":{"start":{"line":6,"column":8},"end":{"line":6,"column":133}},"5":{"start":{"line":9,"column":4},"end":{"line":45,"column":5}},"6":{"start":{"line":10,"column":19},"end":{"line":10,"column":36}},"7":{"start":{"line":11,"column":29},"end":{"line":11,"column":66}},"8":{"start":{"line":13,"column":8},"end":{"line":15,"column":9}},"9":{"start":{"line":14,"column":12},"end":{"line":14,"column":100}},"10":{"start":{"line":17,"column":54},"end":{"line":34,"column":10}},"11":{"start":{"line":36,"column":8},"end":{"line":40,"column":9}},"12":{"start":{"line":37,"column":12},"end":{"line":37,"column":65}},"13":{"start":{"line":39,"column":12},"end":{"line":39,"column":107}},"14":{"start":{"line":43,"column":8},"end":{"line":43,"column":63}},"15":{"start":{"line":44,"column":8},"end":{"line":44,"column":86}}},"fnMap":{"0":{"name":"(anonymous_0)","decl":{"start":{"line":3,"column":17},"end":{"line":3,"column":18}},"loc":{"start":{"line":3,"column":43},"end":{"line":46,"column":1}},"line":3}},"branchMap":{"0":{"loc":{"start":{"line":5,"column":4},"end":{"line":7,"column":5}},"type":"if","locations":[{"start":{"line":5,"column":4},"end":{"line":7,"column":5}},{"start":{},"end":{}}],"line":5},"1":{"loc":{"start":{"line":5,"column":8},"end":{"line":5,"column":94}},"type":"binary-expr","locations":[{"start":{"line":5,"column":8},"end":{"line":5,"column":17}},{"start":{"line":5,"column":21},"end":{"line":5,"column":48}},{"start":{"line":5,"column":52},"end":{"line":5,"column":81}},{"start":{"line":5,"column":85},"end":{"line":5,"column":94}}],"line":5},"2":{"loc":{"start":{"line":13,"column":8},"end":{"line":15,"column":9}},"type":"if","locations":[{"start":{"line":13,"column":8},"end":{"line":15,"column":9}},{"start":{},"end":{}}],"line":13},"3":{"loc":{"start":{"line":36,"column":8},"end":{"line":40,"column":9}},"type":"if","locations":[{"start":{"line":36,"column":8},"end":{"line":40,"column":9}},{"start":{"line":38,"column":15},"end":{"line":40,"column":9}}],"line":36},"4":{"loc":{"start":{"line":36,"column":12},"end":{"line":36,"column":85}},"type":"binary-expr","locations":[{"start":{"line":36,"column":12},"end":{"line":36,"column":46}},{"start":{"line":36,"column":50},"end":{"line":36,"column":85}}],"line":36}},"s":{"0":1,"1":1,"2":1,"3":1,"4":0,"5":1,"6":1,"7":1,"8":1,"9":0,"10":1,"11":1,"12":1,"13":0,"14":0,"15":0},"f":{"0":1},"b":{"0":[0,1],"1":[1,1,1,1],"2":[0,1],"3":[1,0],"4":[1,1]},"_coverageSchema":"1a1c01bbd47fc00a2c39e90264f33305004495a9","hash":"c59fa7b2e5862d97950e8dd80d3f24fc0f77f526","contentHash":"1a3b665da63e8d186263d4e95ea717bbf8243b889dd9585edd052f706386af1d"},"/Users/brandonhannan/Documents/University Work/Year 3/Trimester 2/Software Frameworks/Assignment/SoftwareFrameworksAssignment/text-chat/server/api/channels/addUsertoChannel.js":{"path":"/Users/brandonhannan/Documents/University Work/Year 3/Trimester 2/Software Frameworks/Assignment/SoftwareFrameworksAssignment/text-chat/server/api/channels/addUsertoChannel.js","statementMap":{"0":{"start":{"line":1,"column":18},"end":{"line":1,"column":43}},"1":{"start":{"line":3,"column":0},"end":{"line":50,"column":2}},"2":{"start":{"line":4,"column":60},"end":{"line":4,"column":68}},"3":{"start":{"line":5,"column":4},"end":{"line":7,"column":5}},"4":{"start":{"line":6,"column":8},"end":{"line":6,"column":110}},"5":{"start":{"line":9,"column":4},"end":{"line":49,"column":5}},"6":{"start":{"line":10,"column":19},"end":{"line":10,"column":36}},"7":{"start":{"line":11,"column":29},"end":{"line":11,"column":66}},"8":{"start":{"line":13,"column":8},"end":{"line":15,"column":9}},"9":{"start":{"line":14,"column":12},"end":{"line":14,"column":100}},"10":{"start":{"line":17,"column":54},"end":{"line":34,"column":10}},"11":{"start":{"line":36,"column":8},"end":{"line":38,"column":9}},"12":{"start":{"line":37,"column":12},"end":{"line":37,"column":102}},"13":{"start":{"line":39,"column":8},"end":{"line":41,"column":9}},"14":{"start":{"line":40,"column":12},"end":{"line":40,"column":140}},"15":{"start":{"line":43,"column":8},"end":{"line":43,"column":61}},"16":{"start":{"line":47,"column":8},"end":{"line":47,"column":60}},"17":{"start":{"line":48,"column":8},"end":{"line":48,"column":86}}},"fnMap":{"0":{"name":"(anonymous_0)","decl":{"start":{"line":3,"column":17},"end":{"line":3,"column":18}},"loc":{"start":{"line":3,"column":43},"end":{"line":50,"column":1}},"line":3}},"branchMap":{"0":{"loc":{"start":{"line":5,"column":4},"end":{"line":7,"column":5}},"type":"if","locations":[{"start":{"line":5,"column":4},"end":{"line":7,"column":5}},{"start":{},"end":{}}],"line":5},"1":{"loc":{"start":{"line":5,"column":8},"end":{"line":5,"column":112}},"type":"binary-expr","locations":[{"start":{"line":5,"column":8},"end":{"line":5,"column":17}},{"start":{"line":5,"column":21},"end":{"line":5,"column":48}},{"start":{"line":5,"column":52},"end":{"line":5,"column":81}},{"start":{"line":5,"column":85},"end":{"line":5,"column":94}},{"start":{"line":5,"column":98},"end":{"line":5,"column":112}}],"line":5},"2":{"loc":{"start":{"line":13,"column":8},"end":{"line":15,"column":9}},"type":"if","locations":[{"start":{"line":13,"column":8},"end":{"line":15,"column":9}},{"start":{},"end":{}}],"line":13},"3":{"loc":{"start":{"line":36,"column":8},"end":{"line":38,"column":9}},"type":"if","locations":[{"start":{"line":36,"column":8},"end":{"line":38,"column":9}},{"start":{},"end":{}}],"line":36},"4":{"loc":{"start":{"line":39,"column":8},"end":{"line":41,"column":9}},"type":"if","locations":[{"start":{"line":39,"column":8},"end":{"line":41,"column":9}},{"start":{},"end":{}}],"line":39}},"s":{"0":1,"1":1,"2":2,"3":2,"4":0,"5":2,"6":2,"7":2,"8":2,"9":0,"10":2,"11":2,"12":0,"13":2,"14":0,"15":2,"16":0,"17":0},"f":{"0":2},"b":{"0":[0,2],"1":[2,2,2,2,2],"2":[0,2],"3":[0,2],"4":[0,2]},"_coverageSchema":"1a1c01bbd47fc00a2c39e90264f33305004495a9","hash":"83ad9d415fc217549012b891e314d65632b7cdcf","contentHash":"5e81637f82b66341fdbd0a9d985d9d4a9a073d03f86c56a2b1b70f44de98885a"},"/Users/brandonhannan/Documents/University Work/Year 3/Trimester 2/Software Frameworks/Assignment/SoftwareFrameworksAssignment/text-chat/server/api/channels/createChannel.js":{"path":"/Users/brandonhannan/Documents/University Work/Year 3/Trimester 2/Software Frameworks/Assignment/SoftwareFrameworksAssignment/text-chat/server/api/channels/createChannel.js","statementMap":{"0":{"start":{"line":1,"column":18},"end":{"line":1,"column":43}},"1":{"start":{"line":3,"column":0},"end":{"line":73,"column":2}},"2":{"start":{"line":4,"column":37},"end":{"line":4,"column":45}},"3":{"start":{"line":5,"column":4},"end":{"line":7,"column":5}},"4":{"start":{"line":6,"column":8},"end":{"line":6,"column":125}},"5":{"start":{"line":9,"column":4},"end":{"line":72,"column":5}},"6":{"start":{"line":10,"column":19},"end":{"line":10,"column":36}},"7":{"start":{"line":11,"column":27},"end":{"line":11,"column":64}},"8":{"start":{"line":13,"column":8},"end":{"line":15,"column":9}},"9":{"start":{"line":14,"column":12},"end":{"line":14,"column":101}},"10":{"start":{"line":18,"column":27},"end":{"line":18,"column":79}},"11":{"start":{"line":18,"column":62},"end":{"line":18,"column":78}},"12":{"start":{"line":19,"column":8},"end":{"line":21,"column":9}},"13":{"start":{"line":20,"column":12},"end":{"line":20,"column":89}},"14":{"start":{"line":23,"column":28},"end":{"line":23,"column":59}},"15":{"start":{"line":24,"column":30},"end":{"line":24,"column":84}},"16":{"start":{"line":24,"column":61},"end":{"line":24,"column":83}},"17":{"start":{"line":25,"column":8},"end":{"line":27,"column":9}},"18":{"start":{"line":26,"column":12},"end":{"line":26,"column":135}},"19":{"start":{"line":30,"column":29},"end":{"line":30,"column":119}},"20":{"start":{"line":30,"column":105},"end":{"line":30,"column":109}},"21":{"start":{"line":31,"column":27},"end":{"line":37,"column":9}},"22":{"start":{"line":40,"column":33},"end":{"line":43,"column":9}},"23":{"start":{"line":45,"column":8},"end":{"line":47,"column":9}},"24":{"start":{"line":46,"column":12},"end":{"line":46,"column":118}},"25":{"start":{"line":50,"column":8},"end":{"line":50,"column":61}},"26":{"start":{"line":51,"column":29},"end":{"line":51,"column":76}},"27":{"start":{"line":51,"column":59},"end":{"line":51,"column":75}},"28":{"start":{"line":54,"column":8},"end":{"line":65,"column":11}},"29":{"start":{"line":67,"column":8},"end":{"line":67,"column":61}},"30":{"start":{"line":70,"column":8},"end":{"line":70,"column":54}},"31":{
[...]
_0)","decl":{"start":{"line":3,"column":17},"end":{"line":3,"column":18}},"loc":{"start":{"line":3,"column":43},"end":{"line":128,"column":1}},"line":3},"1":{"name":"(anonymous_1)","decl":{"start":{"line":19,"column":52},"end":{"line":19,"column":53}},"loc":{"start":{"line":19,"column":57},"end":{"line":19,"column":80}},"line":19},"2":{"name":"(anonymous_2)","decl":{"start":{"line":54,"column":51},"end":{"line":54,"column":52}},"loc":{"start":{"line":54,"column":66},"end":{"line":67,"column":13}},"line":54},"3":{"name":"(anonymous_3)","decl":{"start":{"line":91,"column":58},"end":{"line":91,"column":59}},"loc":{"start":{"line":91,"column":63},"end":{"line":91,"column":79}},"line":91}},"branchMap":{"0":{"loc":{"start":{"line":5,"column":4},"end":{"line":7,"column":5}},"type":"if","locations":[{"start":{"line":5,"column":4},"end":{"line":7,"column":5}},{"start":{},"end":{}}],"line":5},"1":{"loc":{"start":{"line":5,"column":8},"end":{"line":5,"column":70}},"type":"binary-expr","locations":[{"start":{"line":5,"column":8},"end":{"line":5,"column":17}},{"start":{"line":5,"column":21},"end":{"line":5,"column":30}},{"start":{"line":5,"column":34},"end":{"line":5,"column":61}},{"start":{"line":5,"column":65},"end":{"line":5,"column":70}}],"line":5},"2":{"loc":{"start":{"line":13,"column":8},"end":{"line":15,"column":9}},"type":"if","locations":[{"start":{"line":13,"column":8},"end":{"line":15,"column":9}},{"start":{},"end":{}}],"line":13},"3":{"loc":{"start":{"line":18,"column":8},"end":{"line":122,"column":9}},"type":"if","locations":[{"start":{"line":18,"column":8},"end":{"line":122,"column":9}},{"start":{"line":74,"column":13},"end":{"line":122,"column":9}}],"line":18},"4":{"loc":{"start":{"line":20,"column":12},"end":{"line":22,"column":13}},"type":"if","locations":[{"start":{"line":20,"column":12},"end":{"line":22,"column":13}},{"start":{},"end":{}}],"line":20},"5":{"loc":{"start":{"line":45,"column":12},"end":{"line":47,"column":13}},"type":"if","locations":[{"start":{"line":45,"column":12},"end":{"line":47,"column":13}},{"start":{},"end":{}}],"line":45},"6":{"loc":{"start":{"line":45,"column":16},"end":{"line":45,"column":126}},"type":"binary-expr","locations":[{"start":{"line":45,"column":16},"end":{"line":45,"column":46}},{"start":{"line":45,"column":50},"end":{"line":45,"column":90}},{"start":{"line":45,"column":94},"end":{"line":45,"column":126}}],"line":45},"7":{"loc":{"start":{"line":86,"column":12},"end":{"line":88,"column":13}},"type":"if","locations":[{"start":{"line":86,"column":12},"end":{"line":88,"column":13}},{"start":{},"end":{}}],"line":86},"8":{"loc":{"start":{"line":92,"column":12},"end":{"line":94,"column":13}},"type":"if","locations":[{"start":{"line":92,"column":12},"end":{"line":94,"column":13}},{"start":{},"end":{}}],"line":92},"9":{"loc":{"start":{"line":111,"column":12},"end":{"line":113,"column":13}},"type":"if","locations":[{"start":{"line":111,"column":12},"end":{"line":113,"column":13}},{"start":{},"end":{}}],"line":111}},"s":{"0":1,"1":1,"2":1,"3":1,"4":0,"5":1,"6":1,"7":1,"8":1,"9":0,"10":1,"11":0,"12":0,"13":0,"14":0,"15":0,"16":0,"17":0,"18":0,"19":0,"20":0,"21":0,"22":0,"23":0,"24":0,"25":1,"26":1,"27":0,"28":1,"29":1,"30":1,"31":1,"32":0,"33":1,"34":1,"35":1,"36":1,"37":1,"38":1,"39":0,"40":0},"f":{"0":1,"1":0,"2":0,"3":1},"b":{"0":[0,1],"1":[1,1,1,1],"2":[0,1],"3":[0,1],"4":[0,0],"5":[0,0],"6":[0,0,0],"7":[0,1],"8":[0,1],"9":[1,0]},"_coverageSchema":"1a1c01bbd47fc00a2c39e90264f33305004495a9","hash":"a2aec49421d71bd8f5248bdcd99f6657b44b76c7","contentHash":"4499a8c84a4f8eb3aa138f003da10e6b9f15908229b29a6743cce5c09d33efef"},"/Users/brandonhannan/Documents/University Work/Year 3/Trimester 2/Software Frameworks/Assignment/SoftwareFrameworksAssignment/text-chat/server/api/users/updateUserPassword.js":{"path":"/Users/brandonhannan/Documents/University Work/Year 3/Trimester 2/Software Frameworks/Assignment/SoftwareFrameworksAssignment/text-chat/server/api/users/updateUserPassword.js","statementMap":{"0":{"start":{"line":1,"column":18},"end":{"line":1,"column":43}},"1":{"start":{"line":3,"column":0},"end":{"line":28,"column":1}},"2":{"start":{"line":4,"column":4},"end":{"line":6,"column":5}},"3":{"start":{"line":5,"column":8},"end":{"line":5,"column":91}},"4":{"start":{"line":8,"column":21},"end":{"line":11,"column":5}},"5":{"start":{"line":13,"column":4},"end":{"line":26,"column":5}},"6":{"start":{"line":14,"column":19},"end":{"line":14,"column":36}},"7":{"start":{"line":15,"column":23},"end":{"line":18,"column":9}},"8":{"start":{"line":19,"column":8},"end":{"line":21,"column":9}},"9":{"start":{"line":20,"column":12},"end":{"line":20,"column":87}},"10":{"start":{"line":22,"column":8},"end":{"line":22,"column":61}},"11":{"start":{"line":25,"column":8},"end":{"line":25,"column":71}}},"fnMap":{"0":{"name":"(anonymous_0)","decl":{"start":{"line":3,"column":17},"end":{"line":3,"column":18}},"loc":{"start":{"line":3,"column":43},"end":{"line":28,"column":1}},"line":3}},"branchMap":{"0":{"loc":{"start":{"line":4,"column":4},"end":{"line":6,"column":5}},"type":"if","locations":[{"start":{"line":4,"column":4},"end":{"line":6,"column":5}},{"start":{},"end":{}}],"line":4},"1":{"loc":{"start":{"line":19,"column":8},"end":{"line":21,"column":9}},"type":"if","locations":[{"start":{"line":19,"column":8},"end":{"line":21,"column":9}},{"start":{},"end":{}}],"line":19}},"s":{"0":1,"1":1,"2":1,"3":0,"4":1,"5":1,"6":1,"7":1,"8":1,"9":0,"10":1,"11":0},"f":{"0":1},"b":{"0":[0,1],"1":[0,1]},"_coverageSchema":"1a1c01bbd47fc00a2c39e90264f33305004495a9","hash":"c00bb5a6cfb1726fcc8d8b1090053e22a9ffc431","contentHash":"af9227c1ec41fc544b09eb49313017f04189b526dd904f4ec978b9ae73752b2c"},"/Users/brandonhannan/Documents/University Work/Year 3/Trimester 2/Software Frameworks/Assignment/SoftwareFrameworksAssignment/text-chat/server/api/users/updateUserProfilePicture.js":{"path":"/Users/brandonhannan/Documents/University Work/Year 3/Trimester 2/Software Frameworks/Assignment/SoftwareFrameworksAssignment/text-chat/server/api/users/updateUserProfilePicture.js","statementMap":{"0":{"start":{"line":1,"column":18},"end":{"line":1,"column":43}},"1":{"start":{"line":3,"column":0},"end":{"line":101,"column":2}},"2":{"start":{"line":4,"column":4},"end":{"line":6,"column":5}},"3":{"start":{"line":5,"column":8},"end":{"line":5,"column":114}},"4":{"start":{"line":8,"column":21},"end":{"line":11,"column":5}},"5":{"start":{"line":13,"column":4},"end":{"line":100,"column":5}},"6":{"start":{"line":14,"column":19},"end":{"line":14,"column":36}},"7":{"start":{"line":16,"column":27},"end":{"line":86,"column":9}},"8":{"start":{"line":88,"column":23},"end":{"line":88,"column":70}},"9":{"start":{"line":90,"column":8},"end":{"line":95,"column":9}},"10":{"start":{"line":91,"column":12},"end":{"line":91,"column":65}},"11":{"start":{"line":94,"column":12},"end":{"line":94,"column":122}},"12":{"start":{"line":98,"column":8},"end":{"line":98,"column":62}},"13":{"start":{"line":99,"column":8},"end":{"line":99,"column":86}}},"fnMap":{"0":{"name":"(anonymous_0)","decl":{"start":{"line":3,"column":17},"end":{"line":3,"column":18}},"loc":{"start":{"line":3,"column":43},"end":{"line":101,"column":1}},"line":3}},"branchMap":{"0":{"loc":{"start":{"line":4,"column":4},"end":{"line":6,"column":5}},"type":"if","locations":[{"start":{"line":4,"column":4},"end":{"line":6,"column":5}},{"start":{},"end":{}}],"line":4},"1":{"loc":{"start":{"line":4,"column":8},"end":{"line":4,"column":46}},"type":"binary-expr","locations":[{"start":{"line":4,"column":8},"end":{"line":4,"column":17}},{"start":{"line":4,"column":21},"end":{"line":4,"column":46}}],"line":4},"2":{"loc":{"start":{"line":90,"column":8},"end":{"line":95,"column":9}},"type":"if","locations":[{"start":{"line":90,"column":8},"end":{"line":95,"column":9}},{"start":{"line":93,"column":13},"end":{"line":95,"column":9}}],"line":90}},"s":{"0":1,"1":1,"2":1,"3":0,"4":1,"5":1,"6":1,"7":1,"8":1,"9":1,"10":1,"11":0,"12":0,"13":0},"f":{"0":1},"b":{"0":[0,1],"1":[1,1],"2":[1,0]},"_coverageSchema":"1a1c01bbd47fc00a2c39e90264f33305004495a9","hash":"8e2594e500e221a331d3fb74d2364bd8ec5461b7","contentHash":"711eae8408901dce435db57116754dfac94a0161dff652f31c34f00279668d87"},"/Users/brandonhannan/Documents/University Work/Year 3/Trimester 2/Software Frameworks/Assignment/SoftwareFrameworksAssignment/text-chat/server/api/users/updateUserAdminGroups.js":{"path":"/Users/brandonhannan/Documents/University Work/Year 3/Trimester 2/Software Frameworks/Assignment/SoftwareFrameworksAssignment/text-chat/server/api/users/updateUserAdminGroups.js","statementMap":{"0":{"start":{"line":1,"column":18},"end":{"line":1,"column":43}},"1":{"start":{"line":3,"column":0},"end":{"line":28,"column":1}},"2":{"start":{"line":4,"column":4},"end":{"line":6,"column":5}},"3":{"start":{"line":5,"column":8},"end":{"line":5,"column":91}},"4":{"start":{"line":8,"column":21},"end":{"line":11,"column":5}},"5":{"start":{"line":13,"column":4},"end":{"line":26,"column":5}},"6":{"start":{"line":14,"column":19},"end":{"line":14,"column":36}},"7":{"start":{"line":15,"column":23},"end":{"line":18,"column":9}},"8":{"start":{"line":19,"column":8},"end":{"line":21,"column":9}},"9":{"start":{"line":20,"column":12},"end":{"line":20,"column":87}},"10":{"start":{"line":22,"column":8},"end":{"line":22,"column":61}},"11":{"start":{"line":25,"column":8},"end":{"line":25,"column":71}}},"fnMap":{"0":{"name":"(anonymous_0)","decl":{"start":{"line":3,"column":17},"end":{"line":3,"column":18}},"loc":{"start":{"line":3,"column":43},"end":{"line":28,"column":1}},"line":3}},"branchMap":{"0":{"loc":{"start":{"line":4,"column":4},"end":{"line":6,"column":5}},"type":"if","locations":[{"start":{"line":4,"column":4},"end":{"line":6,"column":5}},{"start":{},"end":{}}],"line":4},"1":{"loc":{"start":{"line":19,"column":8},"end":{"line":21,"column":9}},"type":"if","locations":[{"start":{"line":19,"column":8},"end":{"line":21,"column":9}},{"start":{},"end":{}}],"line":19}},"s":{"0":1,"1":1,"2":1,"3":0,"4":1,"5":1,"6":1,"7":1,"8":1,"9":0,"10":1,"11":0},"f":{"0":1},"b":{"0":[0,1],"1":[0,1]},"_coverageSchema":"1a1c01bbd47fc00a2c39e90264f33305004495a9","hash":"3c2a5d8fd21bb792728b6c74e488e52664ef8175","contentHash":"476d0849ccc708cd9fbace1470c593429bb3b6a21357c5942616ef4b239e6f80"},"/Users/brandonhannan/Documents/University Work/Year 3/Trimester 2/Software Frameworks/Assignment/SoftwareFrameworksAssignment/text-chat/server/api/groups/getGroup.js":{"path":"/Users/brandonhannan/Documents/University Work/Year 3/Trimester 2/Software Frameworks/Assignment/SoftwareFrameworksAssignment/text-chat/server/api/groups/getGroup.js","statementMap":{"0":{"start":{"line":1,"column":18},"end":{"line":1,"column":43}},"1":{"start":{"line":3,"column":0},"end":{"line":32,"column":1}},"2":{"start":{"line":4,"column":4},"end":{"line":6,"column":5}},"3":{"start":{"line":5,"column":8},"end":{"line":5,"column":103}},"4":{"start":{"line":7,"column":4},"end":{"line":9,"column":5}},"5":{"start":{"line":11,"column":4},"end":{"line":31,"column":5}},"6":{"start":{"line":12,"column":19},"end":{"line":12,"column":36}},"7":{"start":{"line":13,"column":29},"end":{"line":13,"column":66}},"8":{"start":{"line":14,"column":23},"end":{"line":14,"column":62}},"9":{"start":{"line":15,"column":27},"end":{"line":15,"column":77}},"10":{"start":{"line":15,"column":48},"end":{"line":15,"column":76}},"11":{"start":{"line":16,"column":8},"end":{"line":27,"column":9}},"12":{"start":{"line":17,"column":34},"end":{"line":22,"column":13}},"13":{"start":{"line":23,"column":12},"end":{"line":23,"column":87}},"14":{"start":{"line":26,"column":12},"end":{"line":26,"column":91}},"15":{"start":{"line":30,"column":8},"end":{"line":30,"column":109}}},"fnMap":{"0":{"name":"(anonymous_0)","decl":{"start":{"line":3,"column":17},"end":{"line":3,"column":18}},"loc":{"start":{"line":3,"column":42},"end":{"line":32,"column":1}},"line":3},"1":{"name":"(anonymous_1)","decl":{"start":{"line":15,"column":39},"end":{"line":15,"column":40}},"loc":{"start":{"line":15,"column":48},"end":{"line":15,"column":76}},"line":15}},"branchMap":{"0":{"loc":{"start":{"line":4,"column":4},"end":{"line":6,"column":5}},"type":"if","locations":[{"start":{"line":4,"column":4},"end":{"line":6,"column":5}},{"start":{},"end":{}}],"line":4},"1":{"loc":{"start":{"line":14,"column":23},"end":{"line":14,"column":62}},"type":"cond-expr","locations":[{"start":{"line":14,"column":38},"end":{"line":14,"column":57}},{"start":{"line":14,"column":60},"end":{"line":14,"column":62}}],"line":14},"2":{"loc":{"start":{"line":16,"column":8},"end":{"line":27,"column":9}},"type":"if","locations":[{"start":{"line":16,"column":8},"end":{"line":27,"column":9}},{"start":{"line":25,"column":12},"end":{"line":27,"column":9}}],"line":16}},"s":{"0":1,"1":1,"2":1,"3":0,"4":1,"5":1,"6":1,"7":1,"8":1,"9":1,"10":1,"11":1,"12":1,"13":1,"14":0,"15":0},"f":{"0":1,"1":1},"b":{"0":[0,1],"1":[1,0],"2":[1,0]},"_coverageSchema":"1a1c01bbd47fc00a2c39e90264f33305004495a9","hash":"3131848389a46dd76185b81a4017af67bcb1f259","contentHash":"ff528e4df85edf240c32415bf4bb1a200731f094fc6c8d4de8898033b8f929f5"},"/Users/brandonhannan/Documents/University Work/Year 3/Trimester 2/Software Frameworks/Assignment/SoftwareFrameworksAssignment/text-chat/server/api/groups/getAllGroups.js":{"path":"/Users/brandonhannan/Documents/University Work/Year 3/Trimester 2/Software Frameworks/Assignment/SoftwareFrameworksAssignment/text-chat/server/api/groups/getAllGroups.js","statementMap":{"0":{"start":{"line":1,"column":18},"end":{"line":1,"column":43}},"1":{"start":{"line":3,"column":0},"end":{"line":18,"column":1}},"2":{"start":{"line":4,"column":4},"end":{"line":17,"column":5}},"3":{"start":{"line":5,"column":19},"end":{"line":5,"column":36}},"4":{"start":{"line":6,"column":29},"end":{"line":6,"column":66}},"5":{"start":{"line":7,"column":23},"end":{"line":7,"column":62}},"6":{"start":{"line":8,"column":8},"end":{"line":13,"column":9}},"7":{"start":{"line":9,"column":12},"end":{"line":9,"column":88}},"8":{"start":{"line":12,"column":12},"end":{"line":12,"column":94}},"9":{"start":{"line":16,"column":8},"end":{"line":16,"column":110}}},"fnMap":{"0":{"name":"(anonymous_0)","decl":{"start":{"line":3,"column":17},"end":{"line":3,"column":18}},"loc":{"start":{"line":3,"column":42},"end":{"line":18,"column":1}},"line":3}},"branchMap":{"0":{"loc":{"start":{"line":7,"column":23},"end":{"line":7,"column":62}},"type":"cond-expr","locations":[{"start":{"line":7,"column":38},"end":{"line":7,"column":57}},{"start":{"line":7,"column":60},"end":{"line":7,"column":62}}],"line":7},"1":{"loc":{"start":{"line":8,"column":8},"end":{"line":13,"column":9}},"type":"if","locations":[{"start":{"line":8,"column":8},"end":{"line":13,"column":9}},{"start":{"line":11,"column":12},"end":{"line":13,"column":9}}],"line":8}},"s":{"0":1,"1":1,"2":1,"3":1,"4":1,"5":1,"6":1,"7":1,"8":0,"9":0},"f":{"0":1},"b":{"0":[1,0],"1":[1,0]},"_coverageSchema":"1a1c01bbd47fc00a2c39e90264f33305004495a9","hash":"92eebf82a73fcd98afe77347149606ba61bf162c","contentHash":"cb7a6eaa9f140e21b860003e5c42afdf8e9cb6eeeb217005da123f66bf6898e5"},"/Users/brandonhannan/Documents/University Work/Year 3/Trimester 2/Software Frameworks/Assignment/SoftwareFrameworksAssignment/text-chat/server/api/users/getUserInfo.js":{"path":"/Users/brandonhannan/Documents/University Work/Year 3/Trimester 2/Software Frameworks/Assignment/SoftwareFrameworksAssignment/text-chat/server/api/users/getUserInfo.js","statementMap":{"0":{"start":{"line":1,"column":18},"end":{"line":1,"column":43}},"1":{"start":{"line":3,"column":0},"end":{"line":39,"column":1}},"2":{"start":{"line":4,"column":4},"end":{"line":6,"column":5}},"3":{"start":{"line":5,"column":8},"end":{"line":5,"column":101}},"4":{"start":{"line":7,"column":27},"end":{"line":7,"column":45}},"5":{"start":{"line":9,"column":4},"end":{"line":38,"column":5}},"6":{"start":{"line":10,"column":19},"end":{"line":10,"column":36}},"7":{"start":{"line":11,"column":23},"end":{"line":14,"column":9}},"8":{"start":{"line":16,"column":8},"end":{"line":34,"column":9}},"9":{"start":{"line":17,"column":30},"end":{"line":17,"column":45}},"10":{"start":{"line":18,"column":33},"end":{"line":29,"column":13}},"11":{"start":{"line":30,"column":12},"end":{"line":30,"column":85}},"12":{"start":{"line":33,"column":12},"end":{"line":33,"column":89}},"13":{"start":{"line":37,"column":8},"end":{"line":37,"column":108}}},"fnMap":{"0":{"name":"(anonymous_0)","decl":{"start":{"line":3,"column":17},"end":{"line":3,"column":18}},"loc":{"start":{"line":3,"column":42},"end":{"line":39,"column":1}},"line":3}},"branchMap":{"0":{"loc":{"start":{"line":4,"column":4},"end":{"line":6,"column":5}},"type":"if","locations":[{"start":{"line":4,"column":4},"end":{"line":6,"column":5}},{"start":{},"end":{}}],"line":4},"1":{"loc":{"start":{"line":16,"column":8},"end":{"line":34,"column":9}},"type":"if","locations":[{"start":{"line":16,"column":8},"end":{"line":34,"column":9}},{"start":{"line":32,"column":12},"end":{"line":34,"column":9}}],"line":16},"2":{"loc":{"start":{"line":16,"column":12},"end":{"line":16,"column":61}},"type":"binary-expr","locations":[{"start":{"line":16,"column":12},"end":{"line":16,"column":18}},{"start":{"line":16,"column":22},"end":{"line":16,"column":34}},{"start":{"line":16,"column":38},"end":{"line":16,"column":61}}],"line":16}},"s":{"0":1,"1":1,"2":1,"3":0,"4":1,"5":1,"6":1,"7":1,"8":1,"9":1,"10":1,"11":1,"12":0,"13":0},"f":{"0":1},"b":{"0":[0,1],"1":[1,0],"2":[1,1,1]},"_coverageSchema":"1a1c01bbd47fc00a2c39e90264f33305004495a9","hash":"d88c293b74cdbe19dd9b53d87de940f28554956e","contentHash":"65cb61bc90495e8acb46e755b2da52a7d36bc8ffb8b0ac81778957b57318a5a3"},"/Users/brandonhannan/Documents/University Work/Year 3/Trimester 2/Software Frameworks/Assignment/SoftwareFrameworksAssignment/text-chat/server/api/users/getAllUsers.js":{"path":"/Users/brandonhannan/Documents/University Work/Year 3/Trimester 2/Software Frameworks/Assignment/SoftwareFrameworksAssignment/text-chat/server/api/users/getAllUsers.js","statementMap":{"0":{"start":{"line":1,"column":18},"end":{"line":1,"column":43}},"1":{"start":{"line":3,"column":0},"end":{"line":21,"column":2}},"2":{"start":{"line":4,"column":4},"end":{"line":20,"column":5}},"3":{"start":{"line":5,"column":19},"end":{"line":5,"column":36}},"4":{"start":{"line":6,"column":29},"end":{"line":6,"column":66}},"5":{"start":{"line":8,"column":8},"end":{"line":10,"column":9}},"6":{"start":{"line":9,"column":12},"end":{"line":9,"column":44}},"7":{"start":{"line":13,"column":30},"end":{"line":13,"column":85}},"8":{"start":{"line":13,"column":80},"end":{"line":13,"column":84}},"9":{"start":{"line":15,"column":8},"end":{"line":15,"column":44}},"10":{"start":{"line":18,"column":8},"end":{"line":18,"column":55}},"11":{"start":{"line":19,"column":8},"end":{"line":19,"column":33}}},"fnMap":{"0":{"name":"(anonymous_0)","decl":{"start":{"line":3,"column":17},"end":{"line":3,"column":18}},"loc":{"start":{"line":3,"column":43},"end":{"line":21,"column":1}},"line":3},"1":{"name":"(anonymous_1)","decl":{"start":{"line":13,"column":53},"end":{"line":13,"column":54}},"loc":{"start":{"line":13,"column":80},"end":{"line":13,"column":84}},"line":13}},"branchMap":{"0":{"loc":{"start":{"line":8,"column":8},"end":{"line":10,"column":9}},"type":"if","locations":[{"start":{"line":8,"column":8},"end":{"line":10,"column":9}},{"start":{},"end":{}}],"line":8},"1":{"loc":{"start":{"line":8,"column":12},"end":{"line":8,"column":48}},"type":"binary-expr","locations":[{"start":{"line":8,"column":12},"end":{"line":8,"column":25}},{"start":{"line":8,"column":29},"end":{"line":8,"column":48}}],"line":8}},"s":{"0":1,"1":1,"2":1,"3":1,"4":1,"5":1,"6":0,"7":1,"8":2,"9":1,"10":0,"11":0},"f":{"0":1,"1":2},"b":{"0":[0,1],"1":[1,1]},"_coverageSchema":"1a1c01bbd47fc00a2c39e90264f33305004495a9","hash":"90bbea5dc7d4d09813638c314c5ed23142a7f978","contentHash":"802ebd4ba019cd4519e9b169ffd3cd5e532fa75aa2185959e6746ceb16213547"}}